Using pre-set license
Built from '6000.0/staging' branch; Version is '6000.0.27f1 (27c554a2199c) revision 2606420'; Using compiler version '193933523'; Build Type 'Release'
OS: 'Windows 11  (10.0.22631) 64bit Professional' Language: 'ko' Physical Memory: 65478 MB
BatchMode: 1, IsHumanControllingUs: 0, StartBugReporterOnCrash: 0, Is64bit: 1, IsPro: 1

COMMAND LINE ARGUMENTS:
C:\Program Files\Unity\Hub\Editor\6000.0.27f1\Editor\Unity.exe
-adb2
-batchMode
-noUpm
-name
AssetImportWorker3
-projectPath
C:/Users/pc/Documents/GitHub/MiniGame
-logFile
Logs/AssetImportWorker3.log
-srvPort
58742
-job-worker-count
3
-background-job-worker-count
8
-asset-garbage-collectors
1
Successfully changed project path to: C:/Users/pc/Documents/GitHub/MiniGame
C:/Users/pc/Documents/GitHub/MiniGame
[UnityMemory] Configuration Parameters - Can be set up in boot.config
    "memorysetup-bucket-allocator-granularity=16"
    "memorysetup-bucket-allocator-bucket-count=8"
    "memorysetup-bucket-allocator-block-size=33554432"
    "memorysetup-bucket-allocator-block-count=8"
    "memorysetup-main-allocator-block-size=16777216"
    "memorysetup-thread-allocator-block-size=16777216"
    "memorysetup-gfx-main-allocator-block-size=16777216"
    "memorysetup-gfx-thread-allocator-block-size=16777216"
    "memorysetup-cache-allocator-block-size=4194304"
    "memorysetup-typetree-allocator-block-size=2097152"
    "memorysetup-profiler-bucket-allocator-granularity=16"
    "memorysetup-profiler-bucket-allocator-bucket-count=8"
    "memorysetup-profiler-bucket-allocator-block-size=33554432"
    "memorysetup-profiler-bucket-allocator-block-count=8"
    "memorysetup-profiler-allocator-block-size=16777216"
    "memorysetup-profiler-editor-allocator-block-size=1048576"
    "memorysetup-temp-allocator-size-main=16777216"
    "memorysetup-job-temp-allocator-block-size=2097152"
    "memorysetup-job-temp-allocator-block-size-background=1048576"
    "memorysetup-job-temp-allocator-reduction-small-platforms=262144"
    "memorysetup-allocator-temp-initial-block-size-main=262144"
    "memorysetup-allocator-temp-initial-block-size-worker=262144"
    "memorysetup-temp-allocator-size-background-worker=32768"
    "memorysetup-temp-allocator-size-job-worker=262144"
    "memorysetup-temp-allocator-size-preload-manager=33554432"
    "memorysetup-temp-allocator-size-nav-mesh-worker=65536"
    "memorysetup-temp-allocator-size-audio-worker=65536"
    "memorysetup-temp-allocator-size-cloud-worker=32768"
    "memorysetup-temp-allocator-size-gi-baking-worker=262144"
    "memorysetup-temp-allocator-size-gi-baking-worker=262144"
    "memorysetup-temp-allocator-size-gi-baking-worker=262144"
    "memorysetup-temp-allocator-size-gi-baking-worker=262144"
    "memorysetup-temp-allocator-size-gi-baking-worker=262144"
    "memorysetup-temp-allocator-size-gfx=262144"
Player connection [16672]  Target information:

Player connection [16672]  * "[IP] 172.17.36.148 [Port] 0 [Flags] 2 [Guid] 1648943138 [EditorId] 1648943138 [Version] 1048832 [Id] WindowsEditor(7,DESKTOP-K42G2M9) [Debug] 1 [PackageName] WindowsEditor [ProjectName] Editor" 

Player connection [16672] Host joined multi-casting on [225.0.0.222:54997]...
Player connection [16672] Host joined alternative multi-casting on [225.0.0.222:34997]...
JobSystem: Creating JobQueue using job-worker-count value 3
[Physics::Module] Initialized fallback backend.
[Physics::Module] Id: 0xdecafbad
Library Redirect Path: Library/
[Physics::Module] Selected backend.
[Physics::Module] Name: PhysX
[Physics::Module] Id: 0xf2b8ea05
[Physics::Module] SDK Version: 4.1.2
[Physics::Module] Integration Version: 1.0.0
[Physics::Module] Threading Mode: Multi-Threaded
Refreshing native plugins compatible for Editor in 1.69 ms, found 3 plugins.
Preloading 0 native plugins for Editor in 0.00 ms.
Initialize engine version: 6000.0.27f1 (27c554a2199c)
[Subsystems] Discovering subsystems at path C:/Program Files/Unity/Hub/Editor/6000.0.27f1/Editor/Data/Resources/UnitySubsystems
[Subsystems] Discovering subsystems at path C:/Users/pc/Documents/GitHub/MiniGame/Assets
GfxDevice: creating device client; kGfxThreadingModeNonThreaded
Direct3D:
    Version:  Direct3D 11.0 [level 11.1]
    Renderer: NVIDIA GeForce RTX 2060 (ID=0x1f08)
    Vendor:   NVIDIA
    VRAM:     5954 MB
    Driver:   32.0.15.6109
Initialize mono
Mono path[0] = 'C:/Program Files/Unity/Hub/Editor/6000.0.27f1/Editor/Data/Managed'
Mono path[1] = 'C:/Program Files/Unity/Hub/Editor/6000.0.27f1/Editor/Data/MonoBleedingEdge/lib/mono/unityjit-win32'
Mono config path = 'C:/Program Files/Unity/Hub/Editor/6000.0.27f1/Editor/Data/MonoBleedingEdge/etc'
Using monoOptions --debugger-agent=transport=dt_socket,embedding=1,server=y,suspend=n,address=127.0.0.1:56608
Begin MonoManager ReloadAssembly
Registering precompiled unity dll's ...
Register platform support module: C:/Program Files/Unity/Hub/Editor/6000.0.27f1/Editor/Data/PlaybackEngines/WebGLSupport/UnityEditor.WebGL.Extensions.dll
Register platform support module: C:/Program Files/Unity/Hub/Editor/6000.0.27f1/Editor/Data/PlaybackEngines/WindowsStandaloneSupport/UnityEditor.WindowsStandalone.Extensions.dll
Registered in 0.004099 seconds.
- Loaded All Assemblies, in  0.502 seconds
Native extension for WindowsStandalone target not found
Native extension for WebGL target not found
Mono: successfully reloaded assembly
- Finished resetting the current domain, in  0.366 seconds
Domain Reload Profiling: 865ms
	BeginReloadAssembly (177ms)
		ExecutionOrderSort (0ms)
		DisableScriptedObjects (0ms)
		BackupInstance (0ms)
		ReleaseScriptingObjects (0ms)
		CreateAndSetChildDomain (1ms)
	RebuildCommonClasses (50ms)
	RebuildNativeTypeToScriptingClass (14ms)
	initialDomainReloadingComplete (58ms)
	LoadAllAssembliesAndSetupDomain (200ms)
		LoadAssemblies (173ms)
		RebuildTransferFunctionScriptingTraits (0ms)
		AnalyzeDomain (196ms)
			TypeCache.Refresh (195ms)
				TypeCache.ScanAssembly (178ms)
			BuildScriptInfoCaches (0ms)
			ResolveRequiredComponents (0ms)
	FinalizeReload (366ms)
		ReleaseScriptCaches (0ms)
		RebuildScriptCaches (0ms)
		SetupLoadedEditorAssemblies (313ms)
			LogAssemblyErrors (0ms)
			InitializePlatformSupportModulesInManaged (33ms)
			SetLoadedEditorAssemblies (5ms)
			BeforeProcessingInitializeOnLoad (6ms)
			ProcessInitializeOnLoadAttributes (207ms)
			ProcessInitializeOnLoadMethodAttributes (58ms)
			AfterProcessingInitializeOnLoad (3ms)
			EditorAssembliesLoaded (0ms)
		ExecutionOrderSort2 (0ms)
		AwakeInstancesAfterBackupRestoration (0ms)
Assembly reference Packages/com.unity.cinemachine/Editor/Samples/ExposeHDRPInternals/HDRP-Editor-ref.asmref has no target assembly definition
========================================================================
Worker process is ready to serve import requests
Import Worker Mode flag is 0x00
Assembly reference Packages/com.unity.cinemachine/Editor/Samples/ExposeHDRPInternals/HDRP-Editor-ref.asmref has no target assembly definition
Assembly reference Packages/com.unity.cinemachine/Editor/Samples/ExposeHDRPInternals/HDRP-Editor-ref.asmref has no target assembly definition
Begin MonoManager ReloadAssembly
Duplicate assembly 'log4net.dll' with different versions detected, using 'Packages/com.unity.package-validation-suite/Lib/Editor/log4net.dll, AssemblyName=log4net, Version=2.0.8.0, Culture=neutral, PublicKeyToken=669e0ddf0bb1aa2a' and ignoring 'Packages/com.unity.collab-proxy/Lib/Editor/log4netPlastic.dll, AssemblyName=log4net, Version=1.2.15.0, Culture=neutral, PublicKeyToken=669e0ddf0bb1aa2a'.- Loaded All Assemblies, in  1.146 seconds
Assembly reference Packages/com.unity.cinemachine/Editor/Samples/ExposeHDRPInternals/HDRP-Editor-ref.asmref has no target assembly definition
'Packages/com.unity.cinemachine/Editor/Obsolete/CinemachineVirtualCameraBaseEditor.cs' contains partial class of Unity.Object, exactly 1 of the partial classes needs to be in a file with the same filename. This is to know the one that can be referenced from ie. GameObjects
'Packages/com.unity.cinemachine/Editor/Editors/CinemachineVirtualCameraBaseEditor.cs' contains partial class of Unity.Object, exactly 1 of the partial classes needs to be in a file with the same filename. This is to know the one that can be referenced from ie. GameObjects
Refreshing native plugins compatible for Editor in 1.07 ms, found 3 plugins.
Native extension for WindowsStandalone target not found
Native extension for WebGL target not found
Assembly reference Packages/com.unity.cinemachine/Editor/Samples/ExposeHDRPInternals/HDRP-Editor-ref.asmref has no target assembly definition
[MODES] ModeService[none].Initialize
[MODES] ModeService[none].LoadModes
[MODES] Loading mode Default (0) for mode-current-id-Minigame
Package Manager log level set to [2]
[Package Manager] Failed to launch server process. Reason: Unity was launched with the -noUpm command-line argument
[Package Manager] Unable to send message (not connected to server process).
[Package Manager] Cannot connect to Unity Package Manager local server
Refreshing native plugins compatible for Editor in 1.11 ms, found 3 plugins.
Mono: successfully reloaded assembly
- Finished resetting the current domain, in  0.978 seconds
Domain Reload Profiling: 2119ms
	BeginReloadAssembly (396ms)
		ExecutionOrderSort (0ms)
		DisableScriptedObjects (6ms)
		BackupInstance (0ms)
		ReleaseScriptingObjects (0ms)
		CreateAndSetChildDomain (29ms)
	RebuildCommonClasses (36ms)
	RebuildNativeTypeToScriptingClass (12ms)
	initialDomainReloadingComplete (39ms)
	LoadAllAssembliesAndSetupDomain (658ms)
		LoadAssemblies (416ms)
		RebuildTransferFunctionScriptingTraits (0ms)
		AnalyzeDomain (342ms)
			TypeCache.Refresh (239ms)
				TypeCache.ScanAssembly (219ms)
			BuildScriptInfoCaches (86ms)
			ResolveRequiredComponents (14ms)
	FinalizeReload (978ms)
		ReleaseScriptCaches (0ms)
		RebuildScriptCaches (0ms)
		SetupLoadedEditorAssemblies (710ms)
			LogAssemblyErrors (0ms)
			InitializePlatformSupportModulesInManaged (3ms)
			SetLoadedEditorAssemblies (5ms)
			BeforeProcessingInitializeOnLoad (69ms)
			ProcessInitializeOnLoadAttributes (548ms)
			ProcessInitializeOnLoadMethodAttributes (78ms)
			AfterProcessingInitializeOnLoad (7ms)
			EditorAssembliesLoaded (0ms)
		ExecutionOrderSort2 (0ms)
		AwakeInstancesAfterBackupRestoration (5ms)
Launched and connected shader compiler UnityShaderCompiler.exe after 0.01 seconds
Refreshing native plugins compatible for Editor in 1.11 ms, found 3 plugins.
Preloading 0 native plugins for Editor in 0.00 ms.
Unloading 219 Unused Serialized files (Serialized files now loaded: 0)
Unloading 6633 unused Assets / (4.9 MB). Loaded Objects now: 7423.
Memory consumption went from 191.5 MB to 186.5 MB.
Total: 9.639500 ms (FindLiveObjects: 0.717900 ms CreateObjectMapping: 1.262700 ms MarkObjects: 5.215000 ms  DeleteObjects: 2.442100 ms)

========================================================================
Received Import Request.
  Time since last request: 103602.783819 seconds.
  path: Assets/Mech_Constructor_Humanoids/Prefabs/Weapon_Shotgun_Bullet.prefab
  artifactKey: Guid(34538988dad064d4a920f1954a15f2fd) Importer(815301076,1909f56bfc062723c751e8b465ee728b)
Start importing Assets/Mech_Constructor_Humanoids/Prefabs/Weapon_Shotgun_Bullet.prefab using Guid(34538988dad064d4a920f1954a15f2fd) Importer(815301076,1909f56bfc062723c751e8b465ee728b) (PreviewImporter) -> (artifact id: 'c0a0913b4a3bb455cc38ad01be3f9cf1') in 0.579857 seconds
Number of updated asset objects reloaded before import = 0Number of asset objects unloaded after import = 14

========================================================================
Received Prepare
Assembly reference Packages/com.unity.cinemachine/Editor/Samples/ExposeHDRPInternals/HDRP-Editor-ref.asmref has no target assembly definition
Assembly reference Packages/com.unity.cinemachine/Editor/Samples/ExposeHDRPInternals/HDRP-Editor-ref.asmref has no target assembly definition
Begin MonoManager ReloadAssembly
Duplicate assembly 'log4net.dll' with different versions detected, using 'Packages/com.unity.package-validation-suite/Lib/Editor/log4net.dll, AssemblyName=log4net, Version=2.0.8.0, Culture=neutral, PublicKeyToken=669e0ddf0bb1aa2a' and ignoring 'Packages/com.unity.collab-proxy/Lib/Editor/log4netPlastic.dll, AssemblyName=log4net, Version=1.2.15.0, Culture=neutral, PublicKeyToken=669e0ddf0bb1aa2a'.- Loaded All Assemblies, in  0.818 seconds
Assembly reference Packages/com.unity.cinemachine/Editor/Samples/ExposeHDRPInternals/HDRP-Editor-ref.asmref has no target assembly definition
'Packages/com.unity.cinemachine/Editor/Obsolete/CinemachineVirtualCameraBaseEditor.cs' contains partial class of Unity.Object, exactly 1 of the partial classes needs to be in a file with the same filename. This is to know the one that can be referenced from ie. GameObjects
'Packages/com.unity.cinemachine/Editor/Editors/CinemachineVirtualCameraBaseEditor.cs' contains partial class of Unity.Object, exactly 1 of the partial classes needs to be in a file with the same filename. This is to know the one that can be referenced from ie. GameObjects
Refreshing native plugins compatible for Editor in 1.00 ms, found 3 plugins.
Native extension for WindowsStandalone target not found
Native extension for WebGL target not found
Assembly reference Packages/com.unity.cinemachine/Editor/Samples/ExposeHDRPInternals/HDRP-Editor-ref.asmref has no target assembly definition
[MODES] ModeService[none].Initialize
[MODES] ModeService[none].LoadModes
[Package Manager] Failed to launch server process. Reason: Unity was launched with the -noUpm command-line argument
[Package Manager] Unable to send message (not connected to server process).
[Package Manager] Cannot connect to Unity Package Manager local server
Mono: successfully reloaded assembly
- Finished resetting the current domain, in  1.150 seconds
Domain Reload Profiling: 1954ms
	BeginReloadAssembly (246ms)
		ExecutionOrderSort (0ms)
		DisableScriptedObjects (22ms)
		BackupInstance (0ms)
		ReleaseScriptingObjects (0ms)
		CreateAndSetChildDomain (77ms)
	RebuildCommonClasses (36ms)
	RebuildNativeTypeToScriptingClass (13ms)
	initialDomainReloadingComplete (28ms)
	LoadAllAssembliesAndSetupDomain (478ms)
		LoadAssemblies (364ms)
		RebuildTransferFunctionScriptingTraits (0ms)
		AnalyzeDomain (217ms)
			TypeCache.Refresh (7ms)
				TypeCache.ScanAssembly (0ms)
			BuildScriptInfoCaches (195ms)
			ResolveRequiredComponents (12ms)
	FinalizeReload (1151ms)
		ReleaseScriptCaches (0ms)
		RebuildScriptCaches (0ms)
		SetupLoadedEditorAssemblies (812ms)
			LogAssemblyErrors (0ms)
			InitializePlatformSupportModulesInManaged (3ms)
			SetLoadedEditorAssemblies (5ms)
			BeforeProcessingInitializeOnLoad (88ms)
			ProcessInitializeOnLoadAttributes (620ms)
			ProcessInitializeOnLoadMethodAttributes (68ms)
			AfterProcessingInitializeOnLoad (28ms)
			EditorAssembliesLoaded (0ms)
		ExecutionOrderSort2 (0ms)
		AwakeInstancesAfterBackupRestoration (13ms)
Refreshing native plugins compatible for Editor in 1.28 ms, found 3 plugins.
Preloading 0 native plugins for Editor in 0.00 ms.
Unloading 24 Unused Serialized files (Serialized files now loaded: 0)
Unloading 6630 unused Assets / (5.3 MB). Loaded Objects now: 7472.
Memory consumption went from 184.1 MB to 178.8 MB.
Total: 10.076300 ms (FindLiveObjects: 0.818400 ms CreateObjectMapping: 1.278600 ms MarkObjects: 5.080300 ms  DeleteObjects: 2.897900 ms)

Prepare: number of updated asset objects reloaded= 0
========================================================================
Received Prepare
Assembly reference Packages/com.unity.cinemachine/Editor/Samples/ExposeHDRPInternals/HDRP-Editor-ref.asmref has no target assembly definition
Assembly reference Packages/com.unity.cinemachine/Editor/Samples/ExposeHDRPInternals/HDRP-Editor-ref.asmref has no target assembly definition
Begin MonoManager ReloadAssembly
Duplicate assembly 'log4net.dll' with different versions detected, using 'Packages/com.unity.package-validation-suite/Lib/Editor/log4net.dll, AssemblyName=log4net, Version=2.0.8.0, Culture=neutral, PublicKeyToken=669e0ddf0bb1aa2a' and ignoring 'Packages/com.unity.collab-proxy/Lib/Editor/log4netPlastic.dll, AssemblyName=log4net, Version=1.2.15.0, Culture=neutral, PublicKeyToken=669e0ddf0bb1aa2a'.- Loaded All Assemblies, in  0.758 seconds
Assembly reference Packages/com.unity.cinemachine/Editor/Samples/ExposeHDRPInternals/HDRP-Editor-ref.asmref has no target assembly definition
'Packages/com.unity.cinemachine/Editor/Obsolete/CinemachineVirtualCameraBaseEditor.cs' contains partial class of Unity.Object, exactly 1 of the partial classes needs to be in a file with the same filename. This is to know the one that can be referenced from ie. GameObjects
'Packages/com.unity.cinemachine/Editor/Editors/CinemachineVirtualCameraBaseEditor.cs' contains partial class of Unity.Object, exactly 1 of the partial classes needs to be in a file with the same filename. This is to know the one that can be referenced from ie. GameObjects
Refreshing native plugins compatible for Editor in 1.06 ms, found 3 plugins.
Native extension for WindowsStandalone target not found
Native extension for WebGL target not found
Assembly reference Packages/com.unity.cinemachine/Editor/Samples/ExposeHDRPInternals/HDRP-Editor-ref.asmref has no target assembly definition
[MODES] ModeService[none].Initialize
[MODES] ModeService[none].LoadModes
[Package Manager] Failed to launch server process. Reason: Unity was launched with the -noUpm command-line argument
[Package Manager] Unable to send message (not connected to server process).
[Package Manager] Cannot connect to Unity Package Manager local server
Mono: successfully reloaded assembly
- Finished resetting the current domain, in  1.056 seconds
Domain Reload Profiling: 1812ms
	BeginReloadAssembly (214ms)
		ExecutionOrderSort (0ms)
		DisableScriptedObjects (7ms)
		BackupInstance (0ms)
		ReleaseScriptingObjects (0ms)
		CreateAndSetChildDomain (49ms)
	RebuildCommonClasses (35ms)
	RebuildNativeTypeToScriptingClass (13ms)
	initialDomainReloadingComplete (28ms)
	LoadAllAssembliesAndSetupDomain (465ms)
		LoadAssemblies (343ms)
		RebuildTransferFunctionScriptingTraits (0ms)
		AnalyzeDomain (219ms)
			TypeCache.Refresh (7ms)
				TypeCache.ScanAssembly (0ms)
			BuildScriptInfoCaches (197ms)
			ResolveRequiredComponents (13ms)
	FinalizeReload (1057ms)
		ReleaseScriptCaches (0ms)
		RebuildScriptCaches (0ms)
		SetupLoadedEditorAssemblies (714ms)
			LogAssemblyErrors (0ms)
			InitializePlatformSupportModulesInManaged (3ms)
			SetLoadedEditorAssemblies (5ms)
			BeforeProcessingInitializeOnLoad (72ms)
			ProcessInitializeOnLoadAttributes (554ms)
			ProcessInitializeOnLoadMethodAttributes (71ms)
			AfterProcessingInitializeOnLoad (10ms)
			EditorAssembliesLoaded (0ms)
		ExecutionOrderSort2 (0ms)
		AwakeInstancesAfterBackupRestoration (16ms)
Refreshing native plugins compatible for Editor in 1.46 ms, found 3 plugins.
Preloading 0 native plugins for Editor in 0.00 ms.
Unloading 14 Unused Serialized files (Serialized files now loaded: 0)
Unloading 6629 unused Assets / (5.2 MB). Loaded Objects now: 7476.
Memory consumption went from 182.2 MB to 177.0 MB.
Total: 13.156400 ms (FindLiveObjects: 1.111100 ms CreateObjectMapping: 2.301800 ms MarkObjects: 6.169600 ms  DeleteObjects: 3.572000 ms)

Prepare: number of updated asset objects reloaded= 0
========================================================================
Received Prepare
Assembly reference Packages/com.unity.cinemachine/Editor/Samples/ExposeHDRPInternals/HDRP-Editor-ref.asmref has no target assembly definition
Assembly reference Packages/com.unity.cinemachine/Editor/Samples/ExposeHDRPInternals/HDRP-Editor-ref.asmref has no target assembly definition
Begin MonoManager ReloadAssembly
Duplicate assembly 'log4net.dll' with different versions detected, using 'Packages/com.unity.package-validation-suite/Lib/Editor/log4net.dll, AssemblyName=log4net, Version=2.0.8.0, Culture=neutral, PublicKeyToken=669e0ddf0bb1aa2a' and ignoring 'Packages/com.unity.collab-proxy/Lib/Editor/log4netPlastic.dll, AssemblyName=log4net, Version=1.2.15.0, Culture=neutral, PublicKeyToken=669e0ddf0bb1aa2a'.- Loaded All Assemblies, in  0.756 seconds
Assembly reference Packages/com.unity.cinemachine/Editor/Samples/ExposeHDRPInternals/HDRP-Editor-ref.asmref has no target assembly definition
'Packages/com.unity.cinemachine/Editor/Obsolete/CinemachineVirtualCameraBaseEditor.cs' contains partial class of Unity.Object, exactly 1 of the partial classes needs to be in a file with the same filename. This is to know the one that can be referenced from ie. GameObjects
'Packages/com.unity.cinemachine/Editor/Editors/CinemachineVirtualCameraBaseEditor.cs' contains partial class of Unity.Object, exactly 1 of the partial classes needs to be in a file with the same filename. This is to know the one that can be referenced from ie. GameObjects
Refreshing native plugins compatible for Editor in 1.06 ms, found 3 plugins.
Native extension for WindowsStandalone target not found
Native extension for WebGL target not found
Assembly reference Packages/com.unity.cinemachine/Editor/Samples/ExposeHDRPInternals/HDRP-Editor-ref.asmref has no target assembly definition
[MODES] ModeService[none].Initialize
[MODES] ModeService[none].LoadModes
[Package Manager] Failed to launch server process. Reason: Unity was launched with the -noUpm command-line argument
[Package Manager] Unable to send message (not connected to server process).
[Package Manager] Cannot connect to Unity Package Manager local server
Mono: successfully reloaded assembly
- Finished resetting the current domain, in  1.091 seconds
Domain Reload Profiling: 1845ms
	BeginReloadAssembly (208ms)
		ExecutionOrderSort (0ms)
		DisableScriptedObjects (8ms)
		BackupInstance (0ms)
		ReleaseScriptingObjects (0ms)
		CreateAndSetChildDomain (53ms)
	RebuildCommonClasses (36ms)
	RebuildNativeTypeToScriptingClass (14ms)
	initialDomainReloadingComplete (28ms)
	LoadAllAssembliesAndSetupDomain (468ms)
		LoadAssemblies (345ms)
		RebuildTransferFunctionScriptingTraits (0ms)
		AnalyzeDomain (224ms)
			TypeCache.Refresh (8ms)
				TypeCache.ScanAssembly (0ms)
			BuildScriptInfoCaches (202ms)
			ResolveRequiredComponents (12ms)
	FinalizeReload (1092ms)
		ReleaseScriptCaches (0ms)
		RebuildScriptCaches (0ms)
		SetupLoadedEditorAssemblies (755ms)
			LogAssemblyErrors (0ms)
			InitializePlatformSupportModulesInManaged (3ms)
			SetLoadedEditorAssemblies (5ms)
			BeforeProcessingInitializeOnLoad (70ms)
			ProcessInitializeOnLoadAttributes (585ms)
			ProcessInitializeOnLoadMethodAttributes (82ms)
			AfterProcessingInitializeOnLoad (9ms)
			EditorAssembliesLoaded (0ms)
		ExecutionOrderSort2 (0ms)
		AwakeInstancesAfterBackupRestoration (19ms)
Refreshing native plugins compatible for Editor in 1.28 ms, found 3 plugins.
Preloading 0 native plugins for Editor in 0.00 ms.
Unloading 14 Unused Serialized files (Serialized files now loaded: 0)
Unloading 6629 unused Assets / (5.3 MB). Loaded Objects now: 7480.
Memory consumption went from 182.2 MB to 176.9 MB.
Total: 12.165500 ms (FindLiveObjects: 0.853100 ms CreateObjectMapping: 2.218300 ms MarkObjects: 5.754700 ms  DeleteObjects: 3.338400 ms)

Prepare: number of updated asset objects reloaded= 0
========================================================================
Received Prepare
Assembly reference Packages/com.unity.cinemachine/Editor/Samples/ExposeHDRPInternals/HDRP-Editor-ref.asmref has no target assembly definition
Assembly reference Packages/com.unity.cinemachine/Editor/Samples/ExposeHDRPInternals/HDRP-Editor-ref.asmref has no target assembly definition
Begin MonoManager ReloadAssembly
Duplicate assembly 'log4net.dll' with different versions detected, using 'Packages/com.unity.package-validation-suite/Lib/Editor/log4net.dll, AssemblyName=log4net, Version=2.0.8.0, Culture=neutral, PublicKeyToken=669e0ddf0bb1aa2a' and ignoring 'Packages/com.unity.collab-proxy/Lib/Editor/log4netPlastic.dll, AssemblyName=log4net, Version=1.2.15.0, Culture=neutral, PublicKeyToken=669e0ddf0bb1aa2a'.- Loaded All Assemblies, in  0.747 seconds
Assembly reference Packages/com.unity.cinemachine/Editor/Samples/ExposeHDRPInternals/HDRP-Editor-ref.asmref has no target assembly definition
'Packages/com.unity.cinemachine/Editor/Obsolete/CinemachineVirtualCameraBaseEditor.cs' contains partial class of Unity.Object, exactly 1 of the partial classes needs to be in a file with the same filename. This is to know the one that can be referenced from ie. GameObjects
'Packages/com.unity.cinemachine/Editor/Editors/CinemachineVirtualCameraBaseEditor.cs' contains partial class of Unity.Object, exactly 1 of the partial classes needs to be in a file with the same filename. This is to know the one that can be referenced from ie. GameObjects
Refreshing native plugins compatible for Editor in 1.09 ms, found 3 plugins.
Native extension for WindowsStandalone target not found
Native extension for WebGL target not found
Assembly reference Packages/com.unity.cinemachine/Editor/Samples/ExposeHDRPInternals/HDRP-Editor-ref.asmref has no target assembly definition
Error saving file Library/StateCache/LayerSettings/9e/9ecc5c3c162a7aba29bafa64c8b94b7c.json. Error: System.IO.IOException: Sharing violation on path C:\Users\pc\Documents\GitHub\MiniGame\Library\StateCache\LayerSettings\9e\9ecc5c3c162a7aba29bafa64c8b94b7c.json
  at System.IO.FileStream..ctor (System.String path, System.IO.FileMode mode, System.IO.FileAccess access, System.IO.FileShare share, System.Int32 bufferSize, System.Boolean anonymous, System.IO.FileOptions options) [0x0019e] in <321eb2db7c6d43ea8fc39b54eaca3452>:0 
  at System.IO.FileStream..ctor (System.String path, System.IO.FileMode mode, System.IO.FileAccess access, System.IO.FileShare share, System.Int32 bufferSize, System.IO.FileOptions options) [0x00000] in <321eb2db7c6d43ea8fc39b54eaca3452>:0 
  at (wrapper remoting-invoke-with-check) System.IO.FileStream..ctor(string,System.IO.FileMode,System.IO.FileAccess,System.IO.FileShare,int,System.IO.FileOptions)
  at System.IO.StreamWriter..ctor (System.String path, System.Boolean append, System.Text.Encoding encoding, System.Int32 bufferSize) [0x00055] in <321eb2db7c6d43ea8fc39b54eaca3452>:0 
  at System.IO.StreamWriter..ctor (System.String path, System.Boolean append, System.Text.Encoding encoding) [0x00000] in <321eb2db7c6d43ea8fc39b54eaca3452>:0 
  at (wrapper remoting-invoke-with-check) System.IO.StreamWriter..ctor(string,bool,System.Text.Encoding)
  at System.IO.File.WriteAllText (System.String path, System.String contents, System.Text.Encoding encoding) [0x00034] in <321eb2db7c6d43ea8fc39b54eaca3452>:0 
  at UnityEditor.StateCache`1[T].SetState (UnityEngine.Hash128 key, T obj) [0x0004b] in <c7af6a133ab24232b6d4430b4b789a62>:0 
UnityEngine.Debug:ExtractStackTraceNoAlloc (byte*,int,string)
UnityEngine.StackTraceUtility:ExtractStackTrace ()
UnityEngine.DebugLogHandler:Internal_Log (UnityEngine.LogType,UnityEngine.LogOption,string,UnityEngine.Object)
UnityEngine.DebugLogHandler:LogFormat (UnityEngine.LogType,UnityEngine.Object,string,object[])
UnityEngine.Logger:Log (UnityEngine.LogType,object)
UnityEngine.Debug:LogError (object)
UnityEditor.StateCache`1<UnityEditor.Tools/LayerSettings>:SetState (UnityEngine.Hash128,UnityEditor.Tools/LayerSettings)
UnityEditor.Tools:set_lockedLayers (int)
UnityEditor.Tools:OnEnable ()
UnityEngine.ScriptableObject:CreateScriptableObjectInstanceFromType (System.Type,bool)
UnityEngine.ScriptableObject:CreateInstance (System.Type)
UnityEngine.ScriptableObject:CreateInstance<UnityEditor.Tools> ()
UnityEditor.Tools:get_get ()
UnityEditor.Tools:get_visibleLayers ()
UnityEditor.Animations.Rigging.BoneRendererUtils:.cctor () (at ./Library/PackageCache/com.unity.animation.rigging/Editor/Utils/BoneRendererUtils.cs:121)
System.Runtime.CompilerServices.RuntimeHelpers:RunClassConstructor (System.RuntimeTypeHandle)
UnityEditor.EditorAssemblies:ProcessInitializeOnLoadAttributes (System.Type[])

(Filename: ./Library/PackageCache/com.unity.animation.rigging/Editor/Utils/BoneRendererUtils.cs Line: 121)

[MODES] ModeService[none].Initialize
[MODES] ModeService[none].LoadModes
[Package Manager] Failed to launch server process. Reason: Unity was launched with the -noUpm command-line argument
[Package Manager] Unable to send message (not connected to server process).
[Package Manager] Cannot connect to Unity Package Manager local server
Mono: successfully reloaded assembly
- Finished resetting the current domain, in  1.039 seconds
Domain Reload Profiling: 1785ms
	BeginReloadAssembly (196ms)
		ExecutionOrderSort (0ms)
		DisableScriptedObjects (6ms)
		BackupInstance (0ms)
		ReleaseScriptingObjects (0ms)
		CreateAndSetChildDomain (47ms)
	RebuildCommonClasses (36ms)
	RebuildNativeTypeToScriptingClass (13ms)
	initialDomainReloadingComplete (28ms)
	LoadAllAssembliesAndSetupDomain (471ms)
		LoadAssemblies (335ms)
		RebuildTransferFunctionScriptingTraits (0ms)
		AnalyzeDomain (234ms)
			TypeCache.Refresh (7ms)
				TypeCache.ScanAssembly (0ms)
			BuildScriptInfoCaches (212ms)
			ResolveRequiredComponents (13ms)
	FinalizeReload (1040ms)
		ReleaseScriptCaches (0ms)
		RebuildScriptCaches (0ms)
		SetupLoadedEditorAssemblies (702ms)
			LogAssemblyErrors (0ms)
			InitializePlatformSupportModulesInManaged (3ms)
			SetLoadedEditorAssemblies (5ms)
			BeforeProcessingInitializeOnLoad (77ms)
			ProcessInitializeOnLoadAttributes (542ms)
			ProcessInitializeOnLoadMethodAttributes (66ms)
			AfterProcessingInitializeOnLoad (9ms)
			EditorAssembliesLoaded (0ms)
		ExecutionOrderSort2 (0ms)
		AwakeInstancesAfterBackupRestoration (18ms)
Refreshing native plugins compatible for Editor in 1.42 ms, found 3 plugins.
Preloading 0 native plugins for Editor in 0.00 ms.
Unloading 14 Unused Serialized files (Serialized files now loaded: 0)
Unloading 6629 unused Assets / (5.3 MB). Loaded Objects now: 7484.
Memory consumption went from 182.2 MB to 176.9 MB.
Total: 10.865600 ms (FindLiveObjects: 0.773300 ms CreateObjectMapping: 1.636600 ms MarkObjects: 5.402000 ms  DeleteObjects: 3.052700 ms)

Prepare: number of updated asset objects reloaded= 0
========================================================================
Received Prepare
Assembly reference Packages/com.unity.cinemachine/Editor/Samples/ExposeHDRPInternals/HDRP-Editor-ref.asmref has no target assembly definition
Assembly reference Packages/com.unity.cinemachine/Editor/Samples/ExposeHDRPInternals/HDRP-Editor-ref.asmref has no target assembly definition
Begin MonoManager ReloadAssembly
Duplicate assembly 'log4net.dll' with different versions detected, using 'Packages/com.unity.package-validation-suite/Lib/Editor/log4net.dll, AssemblyName=log4net, Version=2.0.8.0, Culture=neutral, PublicKeyToken=669e0ddf0bb1aa2a' and ignoring 'Packages/com.unity.collab-proxy/Lib/Editor/log4netPlastic.dll, AssemblyName=log4net, Version=1.2.15.0, Culture=neutral, PublicKeyToken=669e0ddf0bb1aa2a'.- Loaded All Assemblies, in  0.742 seconds
Assembly reference Packages/com.unity.cinemachine/Editor/Samples/ExposeHDRPInternals/HDRP-Editor-ref.asmref has no target assembly definition
'Packages/com.unity.cinemachine/Editor/Obsolete/CinemachineVirtualCameraBaseEditor.cs' contains partial class of Unity.Object, exactly 1 of the partial classes needs to be in a file with the same filename. This is to know the one that can be referenced from ie. GameObjects
'Packages/com.unity.cinemachine/Editor/Editors/CinemachineVirtualCameraBaseEditor.cs' contains partial class of Unity.Object, exactly 1 of the partial classes needs to be in a file with the same filename. This is to know the one that can be referenced from ie. GameObjects
Refreshing native plugins compatible for Editor in 1.03 ms, found 3 plugins.
Native extension for WindowsStandalone target not found
Native extension for WebGL target not found
Assembly reference Packages/com.unity.cinemachine/Editor/Samples/ExposeHDRPInternals/HDRP-Editor-ref.asmref has no target assembly definition
[MODES] ModeService[none].Initialize
[MODES] ModeService[none].LoadModes
[Package Manager] Failed to launch server process. Reason: Unity was launched with the -noUpm command-line argument
[Package Manager] Unable to send message (not connected to server process).
[Package Manager] Cannot connect to Unity Package Manager local server
Mono: successfully reloaded assembly
- Finished resetting the current domain, in  1.097 seconds
Domain Reload Profiling: 1837ms
	BeginReloadAssembly (194ms)
		ExecutionOrderSort (0ms)
		DisableScriptedObjects (6ms)
		BackupInstance (0ms)
		ReleaseScriptingObjects (0ms)
		CreateAndSetChildDomain (47ms)
	RebuildCommonClasses (36ms)
	RebuildNativeTypeToScriptingClass (13ms)
	initialDomainReloadingComplete (28ms)
	LoadAllAssembliesAndSetupDomain (469ms)
		LoadAssemblies (344ms)
		RebuildTransferFunctionScriptingTraits (0ms)
		AnalyzeDomain (222ms)
			TypeCache.Refresh (7ms)
				TypeCache.ScanAssembly (0ms)
			BuildScriptInfoCaches (200ms)
			ResolveRequiredComponents (12ms)
	FinalizeReload (1098ms)
		ReleaseScriptCaches (0ms)
		RebuildScriptCaches (0ms)
		SetupLoadedEditorAssemblies (758ms)
			LogAssemblyErrors (0ms)
			InitializePlatformSupportModulesInManaged (3ms)
			SetLoadedEditorAssemblies (5ms)
			BeforeProcessingInitializeOnLoad (73ms)
			ProcessInitializeOnLoadAttributes (586ms)
			ProcessInitializeOnLoadMethodAttributes (81ms)
			AfterProcessingInitializeOnLoad (10ms)
			EditorAssembliesLoaded (0ms)
		ExecutionOrderSort2 (0ms)
		AwakeInstancesAfterBackupRestoration (20ms)
Refreshing native plugins compatible for Editor in 1.86 ms, found 3 plugins.
Preloading 0 native plugins for Editor in 0.00 ms.
Unloading 14 Unused Serialized files (Serialized files now loaded: 0)
Unloading 6629 unused Assets / (4.8 MB). Loaded Objects now: 7488.
Memory consumption went from 182.2 MB to 177.4 MB.
Total: 10.571600 ms (FindLiveObjects: 0.776400 ms CreateObjectMapping: 1.268400 ms MarkObjects: 5.632900 ms  DeleteObjects: 2.893200 ms)

Prepare: number of updated asset objects reloaded= 0
========================================================================
Received Import Request.
  Time since last request: 1711.821424 seconds.
  path: Assets/Mech_Constructor_Humanoids/Models/Mech_Gadget_Energy_Shield_Lvl2.fbx
  artifactKey: Guid(044ea594a56322e45928e8cbb5eb5d62) Importer(815301076,1909f56bfc062723c751e8b465ee728b)
Start importing Assets/Mech_Constructor_Humanoids/Models/Mech_Gadget_Energy_Shield_Lvl2.fbx using Guid(044ea594a56322e45928e8cbb5eb5d62) Importer(815301076,1909f56bfc062723c751e8b465ee728b) (PreviewImporter) -> (artifact id: '0b8b55f380ac494d68cd61ddb94648ba') in 0.5689462 seconds
Number of updated asset objects reloaded before import = 0Number of asset objects unloaded after import = 37

========================================================================
Received Import Request.
  Time since last request: 0.359451 seconds.
  path: Assets/Mech_Constructor_Humanoids/Models/Mech_Humanoid_Lvl3.fbx
  artifactKey: Guid(4907b31c0da4bf5489cfcbd2026a968e) Importer(815301076,1909f56bfc062723c751e8b465ee728b)
Start importing Assets/Mech_Constructor_Humanoids/Models/Mech_Humanoid_Lvl3.fbx using Guid(4907b31c0da4bf5489cfcbd2026a968e) Importer(815301076,1909f56bfc062723c751e8b465ee728b) (PreviewImporter) -> (artifact id: 'f54985fa194eb690c1ac8048e7569b8d') in 0.084814 seconds
Number of updated asset objects reloaded before import = 0Number of asset objects unloaded after import = 134

========================================================================
Received Import Request.
  Time since last request: 65.941718 seconds.
  path: Assets/Mech_Constructor_Humanoids/Prefabs/Arm_Weapon_Hvy.prefab
  artifactKey: Guid(36087e1c310d5df4cb7f6546eb6bb4f3) Importer(815301076,1909f56bfc062723c751e8b465ee728b)
Start importing Assets/Mech_Constructor_Humanoids/Prefabs/Arm_Weapon_Hvy.prefab using Guid(36087e1c310d5df4cb7f6546eb6bb4f3) Importer(815301076,1909f56bfc062723c751e8b465ee728b) (PreviewImporter) -> (artifact id: 'e288bba8f5de8302ca1b7035efe5c23f') in 0.0946848 seconds
Number of updated asset objects reloaded before import = 0Number of asset objects unloaded after import = 39

========================================================================
Received Import Request.
  Time since last request: 0.012173 seconds.
  path: Assets/Mech_Constructor_Humanoids/Prefabs/Backpack_Box_Container@Backpack_Box_Container_Open.prefab
  artifactKey: Guid(6b62c10f6fc506943992906b211f3049) Importer(815301076,1909f56bfc062723c751e8b465ee728b)
Start importing Assets/Mech_Constructor_Humanoids/Prefabs/Backpack_Box_Container@Backpack_Box_Container_Open.prefab using Guid(6b62c10f6fc506943992906b211f3049) Importer(815301076,1909f56bfc062723c751e8b465ee728b) (PreviewImporter) -> (artifact id: '7547081859e9dd1599d8ce31b466d502') in 0.0691881 seconds
Number of updated asset objects reloaded before import = 0Number of asset objects unloaded after import = 31

========================================================================
Received Import Request.
  Time since last request: 0.818603 seconds.
  path: Assets/Mech_Constructor_Humanoids/Prefabs/Backpack_Energy_Shield_Lvl1.prefab
  artifactKey: Guid(79de309dfad37ed4fa1040df30d226a5) Importer(815301076,1909f56bfc062723c751e8b465ee728b)
Start importing Assets/Mech_Constructor_Humanoids/Prefabs/Backpack_Energy_Shield_Lvl1.prefab using Guid(79de309dfad37ed4fa1040df30d226a5) Importer(815301076,1909f56bfc062723c751e8b465ee728b) (PreviewImporter) -> (artifact id: 'c3a16ef3a9bc12175d2cc1e082dd8893') in 0.0472736 seconds
Number of updated asset objects reloaded before import = 0Number of asset objects unloaded after import = 43

========================================================================
Received Import Request.
  Time since last request: 0.090241 seconds.
  path: Assets/Mech_Constructor_Humanoids/Prefabs/Backpack_Radio.prefab
  artifactKey: Guid(ac974456a72bc7e4a8b1fc50789ccced) Importer(815301076,1909f56bfc062723c751e8b465ee728b)
Start importing Assets/Mech_Constructor_Humanoids/Prefabs/Backpack_Radio.prefab using Guid(ac974456a72bc7e4a8b1fc50789ccced) Importer(815301076,1909f56bfc062723c751e8b465ee728b) (PreviewImporter) -> (artifact id: 'ba1716e7a1183a62fc93e356ac0e9f48') in 0.0492099 seconds
Number of updated asset objects reloaded before import = 0Number of asset objects unloaded after import = 14

========================================================================
Received Import Request.
  Time since last request: 0.100790 seconds.
  path: Assets/Mech_Constructor_Humanoids/Prefabs/Cockpit_Base.prefab
  artifactKey: Guid(5ffb64d0ec647ec4b8e6feb5d01ca07f) Importer(815301076,1909f56bfc062723c751e8b465ee728b)
Start importing Assets/Mech_Constructor_Humanoids/Prefabs/Cockpit_Base.prefab using Guid(5ffb64d0ec647ec4b8e6feb5d01ca07f) Importer(815301076,1909f56bfc062723c751e8b465ee728b) (PreviewImporter) -> (artifact id: '427e3d86cd76a3bbc4104fbcf5d82d77') in 0.0439204 seconds
Number of updated asset objects reloaded before import = 0Number of asset objects unloaded after import = 16

========================================================================
Received Import Request.
  Time since last request: 0.276658 seconds.
  path: Assets/Mech_Constructor_Humanoids/Prefabs/Cockpit_Rhino.prefab
  artifactKey: Guid(69e5830457e27cd4aa3f4b0d11e6a42b) Importer(815301076,1909f56bfc062723c751e8b465ee728b)
Start importing Assets/Mech_Constructor_Humanoids/Prefabs/Cockpit_Rhino.prefab using Guid(69e5830457e27cd4aa3f4b0d11e6a42b) Importer(815301076,1909f56bfc062723c751e8b465ee728b) (PreviewImporter) -> (artifact id: '66375ec57eae7462b1963a8eacfa842c') in 0.0493452 seconds
Number of updated asset objects reloaded before import = 0Number of asset objects unloaded after import = 35

========================================================================
Received Import Request.
  Time since last request: 0.085132 seconds.
  path: Assets/Mech_Constructor_Humanoids/Prefabs/Cockpit_Round.prefab
  artifactKey: Guid(9cdf886a7bee9dc40825288f5740d622) Importer(815301076,1909f56bfc062723c751e8b465ee728b)
Start importing Assets/Mech_Constructor_Humanoids/Prefabs/Cockpit_Round.prefab using Guid(9cdf886a7bee9dc40825288f5740d622) Importer(815301076,1909f56bfc062723c751e8b465ee728b) (PreviewImporter) -> (artifact id: 'c2763ae57b34dacc54c178146ced5738') in 0.0521157 seconds
Number of updated asset objects reloaded before import = 0Number of asset objects unloaded after import = 35

========================================================================
Received Import Request.
  Time since last request: 0.037094 seconds.
  path: Assets/Mech_Constructor_Humanoids/Prefabs/Cockpit_Spacer_Other_Packs.prefab
  artifactKey: Guid(f624708b7f24e9e43bbf48001abaf8b7) Importer(815301076,1909f56bfc062723c751e8b465ee728b)
Start importing Assets/Mech_Constructor_Humanoids/Prefabs/Cockpit_Spacer_Other_Packs.prefab using Guid(f624708b7f24e9e43bbf48001abaf8b7) Importer(815301076,1909f56bfc062723c751e8b465ee728b) (PreviewImporter) -> (artifact id: 'b097a735110542edbedb658f6830cd76') in 0.0583825 seconds
Number of updated asset objects reloaded before import = 0Number of asset objects unloaded after import = 18

========================================================================
Received Import Request.
  Time since last request: 0.648211 seconds.
  path: Assets/Mech_Constructor_Humanoids/Prefabs/Cockpit_Worker.prefab
  artifactKey: Guid(4917da9497db3d4499948842c1e5d334) Importer(815301076,1909f56bfc062723c751e8b465ee728b)
Start importing Assets/Mech_Constructor_Humanoids/Prefabs/Cockpit_Worker.prefab using Guid(4917da9497db3d4499948842c1e5d334) Importer(815301076,1909f56bfc062723c751e8b465ee728b) (PreviewImporter) -> (artifact id: '6cdabf53c7b969baef459184bc242563') in 0.0765104 seconds
Number of updated asset objects reloaded before import = 0Number of asset objects unloaded after import = 33

========================================================================
Received Import Request.
  Time since last request: 0.018346 seconds.
  path: Assets/Mech_Constructor_Humanoids/Prefabs/FX_Energy_Shield_Lvl1.prefab
  artifactKey: Guid(6a5eda9b21543244d806fd42c7117251) Importer(815301076,1909f56bfc062723c751e8b465ee728b)
Start importing Assets/Mech_Constructor_Humanoids/Prefabs/FX_Energy_Shield_Lvl1.prefab using Guid(6a5eda9b21543244d806fd42c7117251) Importer(815301076,1909f56bfc062723c751e8b465ee728b) (PreviewImporter) -> (artifact id: 'e9021956fcd51be51fc9aa3558c56906') in 0.0069293 seconds
Number of updated asset objects reloaded before import = 0Number of asset objects unloaded after import = 11

========================================================================
Received Import Request.
  Time since last request: 1.536115 seconds.
  path: Assets/Mech_Constructor_Humanoids/Prefabs/HalfShoulder_Skinny.prefab
  artifactKey: Guid(132ab2b3b1db9f348823aaccf80121a6) Importer(815301076,1909f56bfc062723c751e8b465ee728b)
Start importing Assets/Mech_Constructor_Humanoids/Prefabs/HalfShoulder_Skinny.prefab using Guid(132ab2b3b1db9f348823aaccf80121a6) Importer(815301076,1909f56bfc062723c751e8b465ee728b) (PreviewImporter) -> (artifact id: '04b3c09edcd518aa9aae1a3f44de1907') in 0.055138 seconds
Number of updated asset objects reloaded before import = 0Number of asset objects unloaded after import = 16

========================================================================
Received Import Request.
  Time since last request: 2.270087 seconds.
  path: Assets/Mech_Constructor_Humanoids/Prefabs/Weapon_Energy_Shield_Lvl3.prefab
  artifactKey: Guid(201116f7314425e49bf740c5476708a2) Importer(815301076,1909f56bfc062723c751e8b465ee728b)
Start importing Assets/Mech_Constructor_Humanoids/Prefabs/Weapon_Energy_Shield_Lvl3.prefab using Guid(201116f7314425e49bf740c5476708a2) Importer(815301076,1909f56bfc062723c751e8b465ee728b) (PreviewImporter) -> (artifact id: 'ab7fcb0f84ab2941bc60e806d6bf0b6a') in 0.0783494 seconds
Number of updated asset objects reloaded before import = 0Number of asset objects unloaded after import = 49

========================================================================
Received Import Request.
  Time since last request: 0.000037 seconds.
  path: Assets/Mech_Constructor_Humanoids/Prefabs/Weapon_Shield_Lvl3.prefab
  artifactKey: Guid(0bf5f67e4bbf11a43869598006ad2319) Importer(815301076,1909f56bfc062723c751e8b465ee728b)
Start importing Assets/Mech_Constructor_Humanoids/Prefabs/Weapon_Shield_Lvl3.prefab using Guid(0bf5f67e4bbf11a43869598006ad2319) Importer(815301076,1909f56bfc062723c751e8b465ee728b) (PreviewImporter) -> (artifact id: 'dadbe08dd883a28c1211972d36522496') in 0.0488714 seconds
Number of updated asset objects reloaded before import = 0Number of asset objects unloaded after import = 37

========================================================================
Received Import Request.
  Time since last request: 0.020986 seconds.
  path: Assets/Mech_Constructor_Humanoids/Prefabs/Weapon_Shotgun_Lvl3.prefab
  artifactKey: Guid(bc9fe7700df300e4ba3e63d113238d75) Importer(815301076,1909f56bfc062723c751e8b465ee728b)
Start importing Assets/Mech_Constructor_Humanoids/Prefabs/Weapon_Shotgun_Lvl3.prefab using Guid(bc9fe7700df300e4ba3e63d113238d75) Importer(815301076,1909f56bfc062723c751e8b465ee728b) (PreviewImporter) -> (artifact id: '344d70b98903ce560977fd1d2e920e60') in 0.0448894 seconds
Number of updated asset objects reloaded before import = 0Number of asset objects unloaded after import = 16

========================================================================
Received Import Request.
  Time since last request: 5.325213 seconds.
  path: Assets/Mech_Constructor_Humanoids/Prefabs/Cockpit_Rhino_No_Interior.prefab
  artifactKey: Guid(692bfbd979639bc489a6a3e80c896c1e) Importer(815301076,1909f56bfc062723c751e8b465ee728b)
Start importing Assets/Mech_Constructor_Humanoids/Prefabs/Cockpit_Rhino_No_Interior.prefab using Guid(692bfbd979639bc489a6a3e80c896c1e) Importer(815301076,1909f56bfc062723c751e8b465ee728b) (PreviewImporter) -> (artifact id: '7ffc6f1581f0be634adb894ace12cce8') in 0.0660188 seconds
Number of updated asset objects reloaded before import = 0Number of asset objects unloaded after import = 24

========================================================================
Received Import Request.
  Time since last request: 2.022675 seconds.
  path: Assets/Mech_Constructor_Humanoids/Prefabs/Cockpit_Humanoid_Riser_Lvl1.prefab
  artifactKey: Guid(1ee9001244b41e541b6af79e04343230) Importer(815301076,1909f56bfc062723c751e8b465ee728b)
Start importing Assets/Mech_Constructor_Humanoids/Prefabs/Cockpit_Humanoid_Riser_Lvl1.prefab using Guid(1ee9001244b41e541b6af79e04343230) Importer(815301076,1909f56bfc062723c751e8b465ee728b) (PreviewImporter) -> (artifact id: '88de9ec8acf18baa2346b77905974855') in 0.0849839 seconds
Number of updated asset objects reloaded before import = 0Number of asset objects unloaded after import = 29

========================================================================
Received Import Request.
  Time since last request: 0.002739 seconds.
  path: Assets/Mech_Constructor_Humanoids/Prefabs/Cockpit_Humanoid_Lvl1.prefab
  artifactKey: Guid(7e28e18f43cb0dc43a45b6d420bb9d4a) Importer(815301076,1909f56bfc062723c751e8b465ee728b)
Start importing Assets/Mech_Constructor_Humanoids/Prefabs/Cockpit_Humanoid_Lvl1.prefab using Guid(7e28e18f43cb0dc43a45b6d420bb9d4a) Importer(815301076,1909f56bfc062723c751e8b465ee728b) (PreviewImporter) -> (artifact id: 'e3a6efbbf631ac0d6e6a23a35c52eb10') in 0.0719199 seconds
Number of updated asset objects reloaded before import = 0Number of asset objects unloaded after import = 29

========================================================================
Received Import Request.
  Time since last request: 1.788817 seconds.
  path: Assets/Mech_Constructor_Humanoids/Prefabs/Backpack_Energy_Shield_Lvl2.prefab
  artifactKey: Guid(ad344a0a8a9d6c4449419d52ae8eda75) Importer(815301076,1909f56bfc062723c751e8b465ee728b)
Start importing Assets/Mech_Constructor_Humanoids/Prefabs/Backpack_Energy_Shield_Lvl2.prefab using Guid(ad344a0a8a9d6c4449419d52ae8eda75) Importer(815301076,1909f56bfc062723c751e8b465ee728b) (PreviewImporter) -> (artifact id: 'a796e0392f6b5e6f0e5f21f8a3b77a89') in 0.0520731 seconds
Number of updated asset objects reloaded before import = 0Number of asset objects unloaded after import = 43

========================================================================
Received Import Request.
  Time since last request: 28.650261 seconds.
  path: Assets/Mech_Constructor_Humanoids/Prefabs/Walkers/Mech_Walker_Legs_Med.prefab
  artifactKey: Guid(fbb556fd6cadc354a977651b5baa64c9) Importer(815301076,1909f56bfc062723c751e8b465ee728b)
Start importing Assets/Mech_Constructor_Humanoids/Prefabs/Walkers/Mech_Walker_Legs_Med.prefab using Guid(fbb556fd6cadc354a977651b5baa64c9) Importer(815301076,1909f56bfc062723c751e8b465ee728b) (PreviewImporter) -> (artifact id: 'd110aa6bf7d1f6f27bb5d023f3a2acbb') in 0.0679838 seconds
Number of updated asset objects reloaded before import = 0Number of asset objects unloaded after import = 74

========================================================================
Received Import Request.
  Time since last request: 89.881080 seconds.
  path: Assets/Mech_Constructor_Humanoids/Models/Mech_Backpacks.fbx
  artifactKey: Guid(e7710a666d2e7b841b62b368e4b78215) Importer(815301076,1909f56bfc062723c751e8b465ee728b)
Start importing Assets/Mech_Constructor_Humanoids/Models/Mech_Backpacks.fbx using Guid(e7710a666d2e7b841b62b368e4b78215) Importer(815301076,1909f56bfc062723c751e8b465ee728b) (PreviewImporter) -> (artifact id: '025e1cf5ae1792054b12ac7925c2ba15') in 0.0578017 seconds
Number of updated asset objects reloaded before import = 0Number of asset objects unloaded after import = 41

========================================================================
Received Import Request.
  Time since last request: 0.703072 seconds.
  path: Assets/Mech_Constructor_Humanoids/Models/Mech_Cockpit_Spacer.fbx
  artifactKey: Guid(5ba41881adb78ae4c9060d9048e9ba7a) Importer(815301076,1909f56bfc062723c751e8b465ee728b)
Start importing Assets/Mech_Constructor_Humanoids/Models/Mech_Cockpit_Spacer.fbx using Guid(5ba41881adb78ae4c9060d9048e9ba7a) Importer(815301076,1909f56bfc062723c751e8b465ee728b) (PreviewImporter) -> (artifact id: 'd814803e282853209eb463adc9640204') in 0.0170714 seconds
Number of updated asset objects reloaded before import = 0Number of asset objects unloaded after import = 13

========================================================================
Received Import Request.
  Time since last request: 0.000028 seconds.
  path: Assets/Mech_Constructor_Humanoids/Models/Mech_Hand_Claw_2x_Lvl1.fbx
  artifactKey: Guid(1d11ea7c16752c4478fdf7d8123b6b3b) Importer(815301076,1909f56bfc062723c751e8b465ee728b)
Start importing Assets/Mech_Constructor_Humanoids/Models/Mech_Hand_Claw_2x_Lvl1.fbx using Guid(1d11ea7c16752c4478fdf7d8123b6b3b) Importer(815301076,1909f56bfc062723c751e8b465ee728b) (PreviewImporter) -> (artifact id: 'bfc5f5fdedf60c6289435612fcf02aea') in 0.0167437 seconds
Number of updated asset objects reloaded before import = 0Number of asset objects unloaded after import = 24

========================================================================
Received Import Request.
  Time since last request: 0.000024 seconds.
  path: Assets/Mech_Constructor_Humanoids/Models/Mech_Weapon_Energy_Shield_Lvl2_Skinned.fbx
  artifactKey: Guid(b438ffe6884573a4f939cbc3cda51f04) Importer(815301076,1909f56bfc062723c751e8b465ee728b)
Start importing Assets/Mech_Constructor_Humanoids/Models/Mech_Weapon_Energy_Shield_Lvl2_Skinned.fbx using Guid(b438ffe6884573a4f939cbc3cda51f04) Importer(815301076,1909f56bfc062723c751e8b465ee728b) (PreviewImporter) -> (artifact id: 'edefcd7133d3f7ea070ba1c7be23b55e') in 0.0280916 seconds
Number of updated asset objects reloaded before import = 0Number of asset objects unloaded after import = 28

========================================================================
Received Import Request.
  Time since last request: 0.000027 seconds.
  path: Assets/Mech_Constructor_Humanoids/Models/Mech_Gadget_Weapon_Launcher.fbx
  artifactKey: Guid(88f4b84c7328498429239d71fbb2ad5e) Importer(815301076,1909f56bfc062723c751e8b465ee728b)
Start importing Assets/Mech_Constructor_Humanoids/Models/Mech_Gadget_Weapon_Launcher.fbx using Guid(88f4b84c7328498429239d71fbb2ad5e) Importer(815301076,1909f56bfc062723c751e8b465ee728b) (PreviewImporter) -> (artifact id: '44cda8d97025a938063296b781c55325') in 0.01517 seconds
Number of updated asset objects reloaded before import = 0Number of asset objects unloaded after import = 13

========================================================================
Received Import Request.
  Time since last request: 0.000028 seconds.
  path: Assets/Mech_Constructor_Humanoids/Models/Mech_HalfShoulders.fbx
  artifactKey: Guid(440934c455bef424fa53c11a34cd1639) Importer(815301076,1909f56bfc062723c751e8b465ee728b)
Start importing Assets/Mech_Constructor_Humanoids/Models/Mech_HalfShoulders.fbx using Guid(440934c455bef424fa53c11a34cd1639) Importer(815301076,1909f56bfc062723c751e8b465ee728b) (PreviewImporter) -> (artifact id: '4dd5e7d9d021ceeca056f784bb7f9049') in 0.0575011 seconds
Number of updated asset objects reloaded before import = 0Number of asset objects unloaded after import = 68

========================================================================
Received Import Request.
  Time since last request: 0.000037 seconds.
  path: Assets/Mech_Constructor_Humanoids/Models/Mech_Hand_Gun.fbx
  artifactKey: Guid(f4478de1801024c41a4966db0f1222d3) Importer(815301076,1909f56bfc062723c751e8b465ee728b)
Start importing Assets/Mech_Constructor_Humanoids/Models/Mech_Hand_Gun.fbx using Guid(f4478de1801024c41a4966db0f1222d3) Importer(815301076,1909f56bfc062723c751e8b465ee728b) (PreviewImporter) -> (artifact id: '64966580b9071ddd37419225056beaac') in 0.0163495 seconds
Number of updated asset objects reloaded before import = 0Number of asset objects unloaded after import = 13

========================================================================
Received Import Request.
  Time since last request: 0.000027 seconds.
  path: Assets/Mech_Constructor_Humanoids/Models/Mech_Weapon_Shield_Lvl1_Skinned.fbx
  artifactKey: Guid(a73b60d56284b2b479712f7d8feb0354) Importer(815301076,1909f56bfc062723c751e8b465ee728b)
Start importing Assets/Mech_Constructor_Humanoids/Models/Mech_Weapon_Shield_Lvl1_Skinned.fbx using Guid(a73b60d56284b2b479712f7d8feb0354) Importer(815301076,1909f56bfc062723c751e8b465ee728b) (PreviewImporter) -> (artifact id: '0b61543a538c12763ce89564cc5c00b3') in 0.0204187 seconds
Number of updated asset objects reloaded before import = 0Number of asset objects unloaded after import = 18

========================================================================
Received Import Request.
  Time since last request: 0.000024 seconds.
  path: Assets/Mech_Constructor_Humanoids/Models/Mech_Walker_Arm_Weapon_Med.fbx
  artifactKey: Guid(4c7967b3448104647ba1405be5b70098) Importer(815301076,1909f56bfc062723c751e8b465ee728b)
Start importing Assets/Mech_Constructor_Humanoids/Models/Mech_Walker_Arm_Weapon_Med.fbx using Guid(4c7967b3448104647ba1405be5b70098) Importer(815301076,1909f56bfc062723c751e8b465ee728b) (PreviewImporter) -> (artifact id: '244495ab375213485f9c8dc7a9caf61e') in 0.0215361 seconds
Number of updated asset objects reloaded before import = 0Number of asset objects unloaded after import = 22

========================================================================
Received Import Request.
  Time since last request: 0.000025 seconds.
  path: Assets/Mech_Constructor_Humanoids/Models/Mech_Weapon_Shield_Lvl1.fbx
  artifactKey: Guid(5cf8bdefcf9d567488fc94b90c17aeae) Importer(815301076,1909f56bfc062723c751e8b465ee728b)
Start importing Assets/Mech_Constructor_Humanoids/Models/Mech_Weapon_Shield_Lvl1.fbx using Guid(5cf8bdefcf9d567488fc94b90c17aeae) Importer(815301076,1909f56bfc062723c751e8b465ee728b) (PreviewImporter) -> (artifact id: '532f884600d958d1f77cad779c200027') in 0.0274207 seconds
Number of updated asset objects reloaded before import = 0Number of asset objects unloaded after import = 34

========================================================================
Received Import Request.
  Time since last request: 0.000055 seconds.
  path: Assets/Mech_Constructor_Humanoids/Models/Mech_Gadget_Weapon_Shotgun_Lvl1.fbx
  artifactKey: Guid(bfeabb5f81d0e2a44a899ac5d7e0f4aa) Importer(815301076,1909f56bfc062723c751e8b465ee728b)
Start importing Assets/Mech_Constructor_Humanoids/Models/Mech_Gadget_Weapon_Shotgun_Lvl1.fbx using Guid(bfeabb5f81d0e2a44a899ac5d7e0f4aa) Importer(815301076,1909f56bfc062723c751e8b465ee728b) (PreviewImporter) -> (artifact id: '44d6cc79b97b3b94a0377ebe31e135ec') in 0.0228384 seconds
Number of updated asset objects reloaded before import = 0Number of asset objects unloaded after import = 22

========================================================================
Received Import Request.
  Time since last request: 0.000032 seconds.
  path: Assets/Mech_Constructor_Humanoids/Models/Mech_Weapon_Energy_Shield_Lvl1_Skinned.fbx
  artifactKey: Guid(a22896e3aa18aa549983ac6ec7ec9ed6) Importer(815301076,1909f56bfc062723c751e8b465ee728b)
Start importing Assets/Mech_Constructor_Humanoids/Models/Mech_Weapon_Energy_Shield_Lvl1_Skinned.fbx using Guid(a22896e3aa18aa549983ac6ec7ec9ed6) Importer(815301076,1909f56bfc062723c751e8b465ee728b) (PreviewImporter) -> (artifact id: 'a956c8c301064e5aa8ff0bfac4a33b27') in 0.02533 seconds
Number of updated asset objects reloaded before import = 0Number of asset objects unloaded after import = 28

========================================================================
Received Import Request.
  Time since last request: 0.000022 seconds.
  path: Assets/Mech_Constructor_Humanoids/Models/Mech_Walker_Hand_Saw@Hand_Saw.fbx
  artifactKey: Guid(4a96d314d5efad84e9847bc62adfbda3) Importer(815301076,1909f56bfc062723c751e8b465ee728b)
Start importing Assets/Mech_Constructor_Humanoids/Models/Mech_Walker_Hand_Saw@Hand_Saw.fbx using Guid(4a96d314d5efad84e9847bc62adfbda3) Importer(815301076,1909f56bfc062723c751e8b465ee728b) (PreviewImporter) -> (artifact id: 'a025d5c65d38c4ff637b4ada517f14c8') in 0.0193738 seconds
Number of updated asset objects reloaded before import = 0Number of asset objects unloaded after import = 21

========================================================================
Received Import Request.
  Time since last request: 0.000035 seconds.
  path: Assets/Mech_Constructor_Humanoids/Models/Mech_Weapon_Shield_Lvl3.fbx
  artifactKey: Guid(6ae19bb0b0ab2b949ae67131fa936b07) Importer(815301076,1909f56bfc062723c751e8b465ee728b)
Start importing Assets/Mech_Constructor_Humanoids/Models/Mech_Weapon_Shield_Lvl3.fbx using Guid(6ae19bb0b0ab2b949ae67131fa936b07) Importer(815301076,1909f56bfc062723c751e8b465ee728b) (PreviewImporter) -> (artifact id: 'a8966f0982eba1389db2fdd968596056') in 0.0232769 seconds
Number of updated asset objects reloaded before import = 0Number of asset objects unloaded after import = 34

========================================================================
Received Import Request.
  Time since last request: 6.444307 seconds.
  path: Assets/Mech_Constructor_Humanoids/Models/Cockpit_Rabbit_No_Interior.fbx
  artifactKey: Guid(15f9a2d980917114885fab7607257469) Importer(815301076,1909f56bfc062723c751e8b465ee728b)
Start importing Assets/Mech_Constructor_Humanoids/Models/Cockpit_Rabbit_No_Interior.fbx using Guid(15f9a2d980917114885fab7607257469) Importer(815301076,1909f56bfc062723c751e8b465ee728b) (PreviewImporter) -> (artifact id: '4ab09534ec0a2a87f2d38b16e015b9b1') in 0.0191746 seconds
Number of updated asset objects reloaded before import = 0Number of asset objects unloaded after import = 19

========================================================================
Received Import Request.
  Time since last request: 0.000025 seconds.
  path: Assets/Mech_Constructor_Humanoids/Models/Mech_Backpack_Energy_Shield_Lvl1.fbx
  artifactKey: Guid(ece50d12239bb7c4fa20fe1c13f3e212) Importer(815301076,1909f56bfc062723c751e8b465ee728b)
Start importing Assets/Mech_Constructor_Humanoids/Models/Mech_Backpack_Energy_Shield_Lvl1.fbx using Guid(ece50d12239bb7c4fa20fe1c13f3e212) Importer(815301076,1909f56bfc062723c751e8b465ee728b) (PreviewImporter) -> (artifact id: 'de1f50ee0d9a793464493220052abecd') in 0.0311458 seconds
Number of updated asset objects reloaded before import = 0Number of asset objects unloaded after import = 37

========================================================================
Received Import Request.
  Time since last request: 0.000023 seconds.
  path: Assets/Mech_Constructor_Humanoids/Models/Cockpit_Trooper.fbx
  artifactKey: Guid(37c1ad1f1efa4f44086d0477aa6ccc8e) Importer(815301076,1909f56bfc062723c751e8b465ee728b)
Start importing Assets/Mech_Constructor_Humanoids/Models/Cockpit_Trooper.fbx using Guid(37c1ad1f1efa4f44086d0477aa6ccc8e) Importer(815301076,1909f56bfc062723c751e8b465ee728b) (PreviewImporter) -> (artifact id: 'a3fe7e4a55936e12308f3316cf330741') in 0.0181789 seconds
Number of updated asset objects reloaded before import = 0Number of asset objects unloaded after import = 19

========================================================================
Received Import Request.
  Time since last request: 0.000028 seconds.
  path: Assets/Mech_Constructor_Humanoids/Models/Gadget_Weapon_Rockets.fbx
  artifactKey: Guid(562227587b0c40d4596a22d07070e8ae) Importer(815301076,1909f56bfc062723c751e8b465ee728b)
Start importing Assets/Mech_Constructor_Humanoids/Models/Gadget_Weapon_Rockets.fbx using Guid(562227587b0c40d4596a22d07070e8ae) Importer(815301076,1909f56bfc062723c751e8b465ee728b) (PreviewImporter) -> (artifact id: '6192d41766c333f7bbfefbaf33038044') in 0.0178304 seconds
Number of updated asset objects reloaded before import = 0Number of asset objects unloaded after import = 15

========================================================================
Received Import Request.
  Time since last request: 0.000034 seconds.
  path: Assets/Mech_Constructor_Humanoids/Models/Humanoid_Body_Lvl3.fbx
  artifactKey: Guid(cd1c9b748d426914293ea613691c522e) Importer(815301076,1909f56bfc062723c751e8b465ee728b)
Start importing Assets/Mech_Constructor_Humanoids/Models/Humanoid_Body_Lvl3.fbx using Guid(cd1c9b748d426914293ea613691c522e) Importer(815301076,1909f56bfc062723c751e8b465ee728b) (PreviewImporter) -> (artifact id: '0c09a911f9ffe2d7afb3087f1badd48e') in 0.0344098 seconds
Number of updated asset objects reloaded before import = 0Number of asset objects unloaded after import = 27

========================================================================
Received Import Request.
  Time since last request: 0.000027 seconds.
  path: Assets/Mech_Constructor_Humanoids/Models/Cockpit_Shuttle.fbx
  artifactKey: Guid(5831b4fce1d1c5b458ead98a71157667) Importer(815301076,1909f56bfc062723c751e8b465ee728b)
Start importing Assets/Mech_Constructor_Humanoids/Models/Cockpit_Shuttle.fbx using Guid(5831b4fce1d1c5b458ead98a71157667) Importer(815301076,1909f56bfc062723c751e8b465ee728b) (PreviewImporter) -> (artifact id: '582b2dfc206fa7f1c27e469dc11ef185') in 0.0257509 seconds
Number of updated asset objects reloaded before import = 0Number of asset objects unloaded after import = 30

========================================================================
Received Import Request.
  Time since last request: 0.000024 seconds.
  path: Assets/Mech_Constructor_Humanoids/Models/Cockpit_Rhino_No_Interior.fbx
  artifactKey: Guid(1d86ff94760785a42b5f23a64fbb5553) Importer(815301076,1909f56bfc062723c751e8b465ee728b)
Start importing Assets/Mech_Constructor_Humanoids/Models/Cockpit_Rhino_No_Interior.fbx using Guid(1d86ff94760785a42b5f23a64fbb5553) Importer(815301076,1909f56bfc062723c751e8b465ee728b) (PreviewImporter) -> (artifact id: 'ba76c2bccc645ade9911ab19356abeea') in 0.0163629 seconds
Number of updated asset objects reloaded before import = 0Number of asset objects unloaded after import = 19

========================================================================
Received Import Request.
  Time since last request: 0.000024 seconds.
  path: Assets/Mech_Constructor_Humanoids/Models/Cockpit_Round.fbx
  artifactKey: Guid(401446788b831134b98b6178ef62ddbd) Importer(815301076,1909f56bfc062723c751e8b465ee728b)
Start importing Assets/Mech_Constructor_Humanoids/Models/Cockpit_Round.fbx using Guid(401446788b831134b98b6178ef62ddbd) Importer(815301076,1909f56bfc062723c751e8b465ee728b) (PreviewImporter) -> (artifact id: 'b5a04e743718b53d48fb9c8086a28c8a') in 0.0202925 seconds
Number of updated asset objects reloaded before import = 0Number of asset objects unloaded after import = 30

========================================================================
Received Import Request.
  Time since last request: 0.000025 seconds.
  path: Assets/Mech_Constructor_Humanoids/Models/Cockpit_Roadhog_Glass_Lid.fbx
  artifactKey: Guid(3e31a678ef3ae0947ae0f406bcfafd0a) Importer(815301076,1909f56bfc062723c751e8b465ee728b)
Start importing Assets/Mech_Constructor_Humanoids/Models/Cockpit_Roadhog_Glass_Lid.fbx using Guid(3e31a678ef3ae0947ae0f406bcfafd0a) Importer(815301076,1909f56bfc062723c751e8b465ee728b) (PreviewImporter) -> (artifact id: 'abb7ebfb08f1aee87323aa45da041d45') in 0.0189083 seconds
Number of updated asset objects reloaded before import = 0Number of asset objects unloaded after import = 30

========================================================================
Received Prepare
Assembly reference Packages/com.unity.cinemachine/Editor/Samples/ExposeHDRPInternals/HDRP-Editor-ref.asmref has no target assembly definition
Assembly reference Packages/com.unity.cinemachine/Editor/Samples/ExposeHDRPInternals/HDRP-Editor-ref.asmref has no target assembly definition
Begin MonoManager ReloadAssembly
Duplicate assembly 'log4net.dll' with different versions detected, using 'Packages/com.unity.package-validation-suite/Lib/Editor/log4net.dll, AssemblyName=log4net, Version=2.0.8.0, Culture=neutral, PublicKeyToken=669e0ddf0bb1aa2a' and ignoring 'Packages/com.unity.collab-proxy/Lib/Editor/log4netPlastic.dll, AssemblyName=log4net, Version=1.2.15.0, Culture=neutral, PublicKeyToken=669e0ddf0bb1aa2a'.- Loaded All Assemblies, in  0.865 seconds
Assembly reference Packages/com.unity.cinemachine/Editor/Samples/ExposeHDRPInternals/HDRP-Editor-ref.asmref has no target assembly definition
'Packages/com.unity.cinemachine/Editor/Obsolete/CinemachineVirtualCameraBaseEditor.cs' contains partial class of Unity.Object, exactly 1 of the partial classes needs to be in a file with the same filename. This is to know the one that can be referenced from ie. GameObjects
'Packages/com.unity.cinemachine/Editor/Editors/CinemachineVirtualCameraBaseEditor.cs' contains partial class of Unity.Object, exactly 1 of the partial classes needs to be in a file with the same filename. This is to know the one that can be referenced from ie. GameObjects
Refreshing native plugins compatible for Editor in 1.06 ms, found 3 plugins.
Native extension for WindowsStandalone target not found
Native extension for WebGL target not found
Assembly reference Packages/com.unity.cinemachine/Editor/Samples/ExposeHDRPInternals/HDRP-Editor-ref.asmref has no target assembly definition
[MODES] ModeService[none].Initialize
[MODES] ModeService[none].LoadModes
[Package Manager] Failed to launch server process. Reason: Unity was launched with the -noUpm command-line argument
[Package Manager] Unable to send message (not connected to server process).
[Package Manager] Cannot connect to Unity Package Manager local server
Error saving file Library/StateCache/LayerSettings/9e/9ecc5c3c162a7aba29bafa64c8b94b7c.json. Error: System.IO.IOException: Sharing violation on path C:\Users\pc\Documents\GitHub\MiniGame\Library\StateCache\LayerSettings\9e\9ecc5c3c162a7aba29bafa64c8b94b7c.json
  at System.IO.FileStream..ctor (System.String path, System.IO.FileMode mode, System.IO.FileAccess access, System.IO.FileShare share, System.Int32 bufferSize, System.Boolean anonymous, System.IO.FileOptions options) [0x0019e] in <321eb2db7c6d43ea8fc39b54eaca3452>:0 
  at System.IO.FileStream..ctor (System.String path, System.IO.FileMode mode, System.IO.FileAccess access, System.IO.FileShare share, System.Int32 bufferSize, System.IO.FileOptions options) [0x00000] in <321eb2db7c6d43ea8fc39b54eaca3452>:0 
  at (wrapper remoting-invoke-with-check) System.IO.FileStream..ctor(string,System.IO.FileMode,System.IO.FileAccess,System.IO.FileShare,int,System.IO.FileOptions)
  at System.IO.StreamWriter..ctor (System.String path, System.Boolean append, System.Text.Encoding encoding, System.Int32 bufferSize) [0x00055] in <321eb2db7c6d43ea8fc39b54eaca3452>:0 
  at System.IO.StreamWriter..ctor (System.String path, System.Boolean append, System.Text.Encoding encoding) [0x00000] in <321eb2db7c6d43ea8fc39b54eaca3452>:0 
  at (wrapper remoting-invoke-with-check) System.IO.StreamWriter..ctor(string,bool,System.Text.Encoding)
  at System.IO.File.WriteAllText (System.String path, System.String contents, System.Text.Encoding encoding) [0x00034] in <321eb2db7c6d43ea8fc39b54eaca3452>:0 
  at UnityEditor.StateCache`1[T].SetState (UnityEngine.Hash128 key, T obj) [0x0004b] in <c7af6a133ab24232b6d4430b4b789a62>:0 
UnityEngine.Debug:ExtractStackTraceNoAlloc (byte*,int,string)
UnityEngine.StackTraceUtility:ExtractStackTrace ()
UnityEngine.DebugLogHandler:Internal_Log (UnityEngine.LogType,UnityEngine.LogOption,string,UnityEngine.Object)
UnityEngine.DebugLogHandler:LogFormat (UnityEngine.LogType,UnityEngine.Object,string,object[])
UnityEngine.Logger:Log (UnityEngine.LogType,object)
UnityEngine.Debug:LogError (object)
UnityEditor.StateCache`1<UnityEditor.Tools/LayerSettings>:SetState (UnityEngine.Hash128,UnityEditor.Tools/LayerSettings)
UnityEditor.Tools:set_lockedLayers (int)
UnityEditor.Tools:OnEnable ()

Mono: successfully reloaded assembly
- Finished resetting the current domain, in  1.115 seconds
Domain Reload Profiling: 1977ms
	BeginReloadAssembly (271ms)
		ExecutionOrderSort (0ms)
		DisableScriptedObjects (47ms)
		BackupInstance (0ms)
		ReleaseScriptingObjects (0ms)
		CreateAndSetChildDomain (69ms)
	RebuildCommonClasses (39ms)
	RebuildNativeTypeToScriptingClass (14ms)
	initialDomainReloadingComplete (30ms)
	LoadAllAssembliesAndSetupDomain (508ms)
		LoadAssemblies (382ms)
		RebuildTransferFunctionScriptingTraits (0ms)
		AnalyzeDomain (235ms)
			TypeCache.Refresh (8ms)
				TypeCache.ScanAssembly (0ms)
			BuildScriptInfoCaches (212ms)
			ResolveRequiredComponents (13ms)
	FinalizeReload (1115ms)
		ReleaseScriptCaches (0ms)
		RebuildScriptCaches (0ms)
		SetupLoadedEditorAssemblies (774ms)
			LogAssemblyErrors (0ms)
			InitializePlatformSupportModulesInManaged (3ms)
			SetLoadedEditorAssemblies (5ms)
			BeforeProcessingInitializeOnLoad (77ms)
			ProcessInitializeOnLoadAttributes (609ms)
			ProcessInitializeOnLoadMethodAttributes (70ms)
			AfterProcessingInitializeOnLoad (9ms)
			EditorAssembliesLoaded (0ms)
		ExecutionOrderSort2 (0ms)
		AwakeInstancesAfterBackupRestoration (21ms)
Refreshing native plugins compatible for Editor in 2.17 ms, found 3 plugins.
Preloading 0 native plugins for Editor in 0.00 ms.
Unloading 14 Unused Serialized files (Serialized files now loaded: 0)
Unloading 6630 unused Assets / (5.3 MB). Loaded Objects now: 7516.
Memory consumption went from 194.6 MB to 189.2 MB.
Total: 11.085200 ms (FindLiveObjects: 0.820000 ms CreateObjectMapping: 1.321300 ms MarkObjects: 5.771400 ms  DeleteObjects: 3.170900 ms)

Prepare: number of updated asset objects reloaded= 0
========================================================================
Received Prepare
Assembly reference Packages/com.unity.cinemachine/Editor/Samples/ExposeHDRPInternals/HDRP-Editor-ref.asmref has no target assembly definition
Assembly reference Packages/com.unity.cinemachine/Editor/Samples/ExposeHDRPInternals/HDRP-Editor-ref.asmref has no target assembly definition
Begin MonoManager ReloadAssembly
Duplicate assembly 'log4net.dll' with different versions detected, using 'Packages/com.unity.package-validation-suite/Lib/Editor/log4net.dll, AssemblyName=log4net, Version=2.0.8.0, Culture=neutral, PublicKeyToken=669e0ddf0bb1aa2a' and ignoring 'Packages/com.unity.collab-proxy/Lib/Editor/log4netPlastic.dll, AssemblyName=log4net, Version=1.2.15.0, Culture=neutral, PublicKeyToken=669e0ddf0bb1aa2a'.- Loaded All Assemblies, in  0.750 seconds
Assembly reference Packages/com.unity.cinemachine/Editor/Samples/ExposeHDRPInternals/HDRP-Editor-ref.asmref has no target assembly definition
'Packages/com.unity.cinemachine/Editor/Obsolete/CinemachineVirtualCameraBaseEditor.cs' contains partial class of Unity.Object, exactly 1 of the partial classes needs to be in a file with the same filename. This is to know the one that can be referenced from ie. GameObjects
'Packages/com.unity.cinemachine/Editor/Editors/CinemachineVirtualCameraBaseEditor.cs' contains partial class of Unity.Object, exactly 1 of the partial classes needs to be in a file with the same filename. This is to know the one that can be referenced from ie. GameObjects
Refreshing native plugins compatible for Editor in 1.09 ms, found 3 plugins.
Native extension for WindowsStandalone target not found
Native extension for WebGL target not found
Assembly reference Packages/com.unity.cinemachine/Editor/Samples/ExposeHDRPInternals/HDRP-Editor-ref.asmref has no target assembly definition
Error saving file Library/StateCache/LayerSettings/9e/9ecc5c3c162a7aba29bafa64c8b94b7c.json. Error: System.IO.IOException: Sharing violation on path C:\Users\pc\Documents\GitHub\MiniGame\Library\StateCache\LayerSettings\9e\9ecc5c3c162a7aba29bafa64c8b94b7c.json
  at System.IO.FileStream..ctor (System.String path, System.IO.FileMode mode, System.IO.FileAccess access, System.IO.FileShare share, System.Int32 bufferSize, System.Boolean anonymous, System.IO.FileOptions options) [0x0019e] in <321eb2db7c6d43ea8fc39b54eaca3452>:0 
  at System.IO.FileStream..ctor (System.String path, System.IO.FileMode mode, System.IO.FileAccess access, System.IO.FileShare share, System.Int32 bufferSize, System.IO.FileOptions options) [0x00000] in <321eb2db7c6d43ea8fc39b54eaca3452>:0 
  at (wrapper remoting-invoke-with-check) System.IO.FileStream..ctor(string,System.IO.FileMode,System.IO.FileAccess,System.IO.FileShare,int,System.IO.FileOptions)
  at System.IO.StreamWriter..ctor (System.String path, System.Boolean append, System.Text.Encoding encoding, System.Int32 bufferSize) [0x00055] in <321eb2db7c6d43ea8fc39b54eaca3452>:0 
  at System.IO.StreamWriter..ctor (System.String path, System.Boolean append, System.Text.Encoding encoding) [0x00000] in <321eb2db7c6d43ea8fc39b54eaca3452>:0 
  at (wrapper remoting-invoke-with-check) System.IO.StreamWriter..ctor(string,bool,System.Text.Encoding)
  at System.IO.File.WriteAllText (System.String path, System.String contents, System.Text.Encoding encoding) [0x00034] in <321eb2db7c6d43ea8fc39b54eaca3452>:0 
  at UnityEditor.StateCache`1[T].SetState (UnityEngine.Hash128 key, T obj) [0x0004b] in <c7af6a133ab24232b6d4430b4b789a62>:0 
UnityEngine.Debug:ExtractStackTraceNoAlloc (byte*,int,string)
UnityEngine.StackTraceUtility:ExtractStackTrace ()
UnityEngine.DebugLogHandler:Internal_Log (UnityEngine.LogType,UnityEngine.LogOption,string,UnityEngine.Object)
UnityEngine.DebugLogHandler:LogFormat (UnityEngine.LogType,UnityEngine.Object,string,object[])
UnityEngine.Logger:Log (UnityEngine.LogType,object)
UnityEngine.Debug:LogError (object)
UnityEditor.StateCache`1<UnityEditor.Tools/LayerSettings>:SetState (UnityEngine.Hash128,UnityEditor.Tools/LayerSettings)
UnityEditor.Tools:set_lockedLayers (int)
UnityEditor.Tools:OnEnable ()
UnityEngine.ScriptableObject:CreateScriptableObjectInstanceFromType (System.Type,bool)
UnityEngine.ScriptableObject:CreateInstance (System.Type)
UnityEngine.ScriptableObject:CreateInstance<UnityEditor.Tools> ()
UnityEditor.Tools:get_get ()
UnityEditor.Tools:get_visibleLayers ()
UnityEditor.Animations.Rigging.BoneRendererUtils:.cctor () (at ./Library/PackageCache/com.unity.animation.rigging/Editor/Utils/BoneRendererUtils.cs:121)
System.Runtime.CompilerServices.RuntimeHelpers:RunClassConstructor (System.RuntimeTypeHandle)
UnityEditor.EditorAssemblies:ProcessInitializeOnLoadAttributes (System.Type[])

(Filename: ./Library/PackageCache/com.unity.animation.rigging/Editor/Utils/BoneRendererUtils.cs Line: 121)

[MODES] ModeService[none].Initialize
[MODES] ModeService[none].LoadModes
[Package Manager] Failed to launch server process. Reason: Unity was launched with the -noUpm command-line argument
[Package Manager] Unable to send message (not connected to server process).
[Package Manager] Cannot connect to Unity Package Manager local server
Mono: successfully reloaded assembly
- Finished resetting the current domain, in  1.044 seconds
Domain Reload Profiling: 1792ms
	BeginReloadAssembly (204ms)
		ExecutionOrderSort (0ms)
		DisableScriptedObjects (7ms)
		BackupInstance (0ms)
		ReleaseScriptingObjects (0ms)
		CreateAndSetChildDomain (52ms)
	RebuildCommonClasses (35ms)
	RebuildNativeTypeToScriptingClass (13ms)
	initialDomainReloadingComplete (28ms)
	LoadAllAssembliesAndSetupDomain (468ms)
		LoadAssemblies (344ms)
		RebuildTransferFunctionScriptingTraits (0ms)
		AnalyzeDomain (224ms)
			TypeCache.Refresh (7ms)
				TypeCache.ScanAssembly (0ms)
			BuildScriptInfoCaches (201ms)
			ResolveRequiredComponents (12ms)
	FinalizeReload (1044ms)
		ReleaseScriptCaches (0ms)
		RebuildScriptCaches (0ms)
		SetupLoadedEditorAssemblies (698ms)
			LogAssemblyErrors (0ms)
			InitializePlatformSupportModulesInManaged (3ms)
			SetLoadedEditorAssemblies (5ms)
			BeforeProcessingInitializeOnLoad (70ms)
			ProcessInitializeOnLoadAttributes (534ms)
			ProcessInitializeOnLoadMethodAttributes (77ms)
			AfterProcessingInitializeOnLoad (9ms)
			EditorAssembliesLoaded (0ms)
		ExecutionOrderSort2 (0ms)
		AwakeInstancesAfterBackupRestoration (26ms)
Refreshing native plugins compatible for Editor in 1.42 ms, found 3 plugins.
Preloading 0 native plugins for Editor in 0.00 ms.
Unloading 14 Unused Serialized files (Serialized files now loaded: 0)
Unloading 6629 unused Assets / (5.5 MB). Loaded Objects now: 7520.
Memory consumption went from 194.4 MB to 189.0 MB.
Total: 13.111400 ms (FindLiveObjects: 1.029500 ms CreateObjectMapping: 2.009600 ms MarkObjects: 6.224300 ms  DeleteObjects: 3.846800 ms)

Prepare: number of updated asset objects reloaded= 0
========================================================================
Received Import Request.
  Time since last request: 406.946605 seconds.
  path: Assets/Mech_Constructor_Humanoids/Prefabs/Walkers/Arms_No_Hand/Arms_Med/Arm_L.prefab
  artifactKey: Guid(067e86409476dbe469768fd4daf54c6c) Importer(815301076,1909f56bfc062723c751e8b465ee728b)
Start importing Assets/Mech_Constructor_Humanoids/Prefabs/Walkers/Arms_No_Hand/Arms_Med/Arm_L.prefab using Guid(067e86409476dbe469768fd4daf54c6c) Importer(815301076,1909f56bfc062723c751e8b465ee728b) (PreviewImporter) -> (artifact id: '81dda4af4d90c0af5809367a12b093dc') in 0.6545337 seconds
Number of updated asset objects reloaded before import = 0Number of asset objects unloaded after import = 30

========================================================================
Received Import Request.
  Time since last request: 0.000044 seconds.
  path: Assets/Mech_Constructor_Humanoids/Prefabs/No_Skin/Backpack_Energy_Shield_Lvl3_No_Skin.prefab
  artifactKey: Guid(2197494447604ab43a14ae6656e56c15) Importer(815301076,1909f56bfc062723c751e8b465ee728b)
Start importing Assets/Mech_Constructor_Humanoids/Prefabs/No_Skin/Backpack_Energy_Shield_Lvl3_No_Skin.prefab using Guid(2197494447604ab43a14ae6656e56c15) Importer(815301076,1909f56bfc062723c751e8b465ee728b) (PreviewImporter) -> (artifact id: 'b1bc401f8b564cdcdee258cb597fcdb4') in 0.0779209 seconds
Number of updated asset objects reloaded before import = 0Number of asset objects unloaded after import = 54

========================================================================
Received Import Request.
  Time since last request: 0.000057 seconds.
  path: Assets/Mech_Constructor_Humanoids/Prefabs/Walkers/Arms/Arms_Med/Arm_L.prefab
  artifactKey: Guid(f461749ec2afa1e4dba711dd7d2634e8) Importer(815301076,1909f56bfc062723c751e8b465ee728b)
Start importing Assets/Mech_Constructor_Humanoids/Prefabs/Walkers/Arms/Arms_Med/Arm_L.prefab using Guid(f461749ec2afa1e4dba711dd7d2634e8) Importer(815301076,1909f56bfc062723c751e8b465ee728b) (PreviewImporter) -> (artifact id: 'e3f444ee9532fe5a09885496ac71cc1e') in 0.0591066 seconds
Number of updated asset objects reloaded before import = 0Number of asset objects unloaded after import = 46

========================================================================
Received Import Request.
  Time since last request: 0.000030 seconds.
  path: Assets/Mech_Constructor_Humanoids/Prefabs/No_Skin/Backpack_Energy_Shield_Lvl1_No_Skin.prefab
  artifactKey: Guid(3915cc513c298a248a09d6a9fe9bc526) Importer(815301076,1909f56bfc062723c751e8b465ee728b)
Start importing Assets/Mech_Constructor_Humanoids/Prefabs/No_Skin/Backpack_Energy_Shield_Lvl1_No_Skin.prefab using Guid(3915cc513c298a248a09d6a9fe9bc526) Importer(815301076,1909f56bfc062723c751e8b465ee728b) (PreviewImporter) -> (artifact id: '7d37ea54ff9671fb1414e965e867ca6f') in 0.0628649 seconds
Number of updated asset objects reloaded before import = 0Number of asset objects unloaded after import = 54

========================================================================
Received Import Request.
  Time since last request: 0.000028 seconds.
  path: Assets/Mech_Constructor_Humanoids/Prefabs/Walkers/Arms/Arms_Lt/Arm_L.prefab
  artifactKey: Guid(8e0d2afbf55642c4898e53d2dcb19628) Importer(815301076,1909f56bfc062723c751e8b465ee728b)
Start importing Assets/Mech_Constructor_Humanoids/Prefabs/Walkers/Arms/Arms_Lt/Arm_L.prefab using Guid(8e0d2afbf55642c4898e53d2dcb19628) Importer(815301076,1909f56bfc062723c751e8b465ee728b) (PreviewImporter) -> (artifact id: 'd6b215e33cee3ee2bdad4cd69f9c4b01') in 0.0615517 seconds
Number of updated asset objects reloaded before import = 0Number of asset objects unloaded after import = 46

========================================================================
Received Import Request.
  Time since last request: 0.000034 seconds.
  path: Assets/Mech_Constructor_Humanoids/Prefabs/Walkers/Arms/Arms_Med/Arm_R.prefab
  artifactKey: Guid(7528c1993de0bc94aabf90dba5e70a01) Importer(815301076,1909f56bfc062723c751e8b465ee728b)
Start importing Assets/Mech_Constructor_Humanoids/Prefabs/Walkers/Arms/Arms_Med/Arm_R.prefab using Guid(7528c1993de0bc94aabf90dba5e70a01) Importer(815301076,1909f56bfc062723c751e8b465ee728b) (PreviewImporter) -> (artifact id: '81577fe54d2acdd6059b3e459a7f93d7') in 0.0578872 seconds
Number of updated asset objects reloaded before import = 0Number of asset objects unloaded after import = 46

========================================================================
Received Import Request.
  Time since last request: 0.000037 seconds.
  path: Assets/3. Asset/StarterAssets/Environment/Prefabs/Box_350x250x200_Prefab.prefab
  artifactKey: Guid(7b846d8f536f007498c941069487ce81) Importer(815301076,1909f56bfc062723c751e8b465ee728b)
Start importing Assets/3. Asset/StarterAssets/Environment/Prefabs/Box_350x250x200_Prefab.prefab using Guid(7b846d8f536f007498c941069487ce81) Importer(815301076,1909f56bfc062723c751e8b465ee728b) (PreviewImporter) -> (artifact id: '16e30a19abb2085ae0cbf54b70f4528d') in 3.265085 seconds
Number of updated asset objects reloaded before import = 0Number of asset objects unloaded after import = 12

========================================================================
Received Import Request.
  Time since last request: 0.000029 seconds.
  path: Assets/Mech_Constructor_Humanoids/Prefabs/No_Skin/Mech_Walker_Full_Lt_No_Skin.prefab
  artifactKey: Guid(2c9f0c26a96a90d48a3a4e62775718ab) Importer(815301076,1909f56bfc062723c751e8b465ee728b)
Start importing Assets/Mech_Constructor_Humanoids/Prefabs/No_Skin/Mech_Walker_Full_Lt_No_Skin.prefab using Guid(2c9f0c26a96a90d48a3a4e62775718ab) Importer(815301076,1909f56bfc062723c751e8b465ee728b) (PreviewImporter) -> (artifact id: '9ebc1fa9070a9020f771837c124a3aa2') in 0.0489985 seconds
Number of updated asset objects reloaded before import = 0Number of asset objects unloaded after import = 282

========================================================================
Received Import Request.
  Time since last request: 0.000037 seconds.
  path: Assets/Mech_Constructor_Humanoids/Prefabs/Gadgets/Gadget_Hand_Claw_2x_Lvl2.prefab
  artifactKey: Guid(7a8e24d54571d654482e5bfddfb9f844) Importer(815301076,1909f56bfc062723c751e8b465ee728b)
Start importing Assets/Mech_Constructor_Humanoids/Prefabs/Gadgets/Gadget_Hand_Claw_2x_Lvl2.prefab using Guid(7a8e24d54571d654482e5bfddfb9f844) Importer(815301076,1909f56bfc062723c751e8b465ee728b) (PreviewImporter) -> (artifact id: '101d8c2a843193b7d9148e60eb3450c3') in 0.0549756 seconds
Number of updated asset objects reloaded before import = 0Number of asset objects unloaded after import = 44

========================================================================
Received Import Request.
  Time since last request: 0.000024 seconds.
  path: Assets/Mech_Constructor_Humanoids/Prefabs/Walkers/Mech_Walker_Full_Med.prefab
  artifactKey: Guid(513cf0608c39d16468c72916c8184a51) Importer(815301076,1909f56bfc062723c751e8b465ee728b)
Start importing Assets/Mech_Constructor_Humanoids/Prefabs/Walkers/Mech_Walker_Full_Med.prefab using Guid(513cf0608c39d16468c72916c8184a51) Importer(815301076,1909f56bfc062723c751e8b465ee728b) (PreviewImporter) -> (artifact id: '8b7230a94bc6d14916d106ea79d55d8d') in 0.0609218 seconds
Number of updated asset objects reloaded before import = 0Number of asset objects unloaded after import = 131

========================================================================
Received Import Request.
  Time since last request: 0.000023 seconds.
  path: Assets/Mech_Constructor_Humanoids/Prefabs/Gadgets/Gadget_Hand_Claw_3x.prefab
  artifactKey: Guid(79150fedb950c394f9f3f3bb76d2d14b) Importer(815301076,1909f56bfc062723c751e8b465ee728b)
Start importing Assets/Mech_Constructor_Humanoids/Prefabs/Gadgets/Gadget_Hand_Claw_3x.prefab using Guid(79150fedb950c394f9f3f3bb76d2d14b) Importer(815301076,1909f56bfc062723c751e8b465ee728b) (PreviewImporter) -> (artifact id: '59d4c6843834b3fd5569ad2f2b00bb9b') in 0.0529307 seconds
Number of updated asset objects reloaded before import = 0Number of asset objects unloaded after import = 52

========================================================================
Received Import Request.
  Time since last request: 0.000030 seconds.
  path: Assets/Mech_Constructor_Humanoids/Prefabs/Gadgets/Gadget_Weapon_Minigun_Lvl1.prefab
  artifactKey: Guid(0fdcd4ac2b86a08459d20f49cf40486b) Importer(815301076,1909f56bfc062723c751e8b465ee728b)
Start importing Assets/Mech_Constructor_Humanoids/Prefabs/Gadgets/Gadget_Weapon_Minigun_Lvl1.prefab using Guid(0fdcd4ac2b86a08459d20f49cf40486b) Importer(815301076,1909f56bfc062723c751e8b465ee728b) (PreviewImporter) -> (artifact id: '3c1226a1cd16dbd049472360199eff4f') in 0.0535097 seconds
Number of updated asset objects reloaded before import = 0Number of asset objects unloaded after import = 35

========================================================================
Received Import Request.
  Time since last request: 0.000043 seconds.
  path: Assets/Mech_Constructor_Humanoids/Prefabs/Gadgets/Gadget_Weapon_Launcher.prefab
  artifactKey: Guid(6601774c33cd28b4694233da0bdbf77d) Importer(815301076,1909f56bfc062723c751e8b465ee728b)
Start importing Assets/Mech_Constructor_Humanoids/Prefabs/Gadgets/Gadget_Weapon_Launcher.prefab using Guid(6601774c33cd28b4694233da0bdbf77d) Importer(815301076,1909f56bfc062723c751e8b465ee728b) (PreviewImporter) -> (artifact id: '5ae432f5896be2b1ea31e343e15a75d3') in 0.0464641 seconds
Number of updated asset objects reloaded before import = 0Number of asset objects unloaded after import = 18

========================================================================
Received Import Request.
  Time since last request: 0.000029 seconds.
  path: Assets/Mech_Constructor_Humanoids/Prefabs/No_Skin/Backpack_Shield_Lvl3_No_Skin.prefab
  artifactKey: Guid(2471fd77e045e8043b765f4784f97f6f) Importer(815301076,1909f56bfc062723c751e8b465ee728b)
Start importing Assets/Mech_Constructor_Humanoids/Prefabs/No_Skin/Backpack_Shield_Lvl3_No_Skin.prefab using Guid(2471fd77e045e8043b765f4784f97f6f) Importer(815301076,1909f56bfc062723c751e8b465ee728b) (PreviewImporter) -> (artifact id: 'cbcf41178cfd34bbbec9344bc78b9bed') in 0.0459065 seconds
Number of updated asset objects reloaded before import = 0Number of asset objects unloaded after import = 42

========================================================================
Received Import Request.
  Time since last request: 0.000040 seconds.
  path: Assets/Mech_Constructor_Humanoids/Prefabs/Walkers/Mech_Walker_Full_Hvy.prefab
  artifactKey: Guid(5e232bdba40c1d447820da790e5b3081) Importer(815301076,1909f56bfc062723c751e8b465ee728b)
Start importing Assets/Mech_Constructor_Humanoids/Prefabs/Walkers/Mech_Walker_Full_Hvy.prefab using Guid(5e232bdba40c1d447820da790e5b3081) Importer(815301076,1909f56bfc062723c751e8b465ee728b) (PreviewImporter) -> (artifact id: '1646d6f3e5022fdf078ae17265031e9f') in 0.0510762 seconds
Number of updated asset objects reloaded before import = 0Number of asset objects unloaded after import = 131

========================================================================
Received Import Request.
  Time since last request: 0.000043 seconds.
  path: Assets/Mech_Constructor_Humanoids/Prefabs/Gadgets/Gadget_Weapon_Shotgun_Lvl2.prefab
  artifactKey: Guid(22b82702677b8d742a1c3a918fef893d) Importer(815301076,1909f56bfc062723c751e8b465ee728b)
Start importing Assets/Mech_Constructor_Humanoids/Prefabs/Gadgets/Gadget_Weapon_Shotgun_Lvl2.prefab using Guid(22b82702677b8d742a1c3a918fef893d) Importer(815301076,1909f56bfc062723c751e8b465ee728b) (PreviewImporter) -> (artifact id: 'a0a2ba1a71dcfc26116cb3fec046be88') in 0.0472475 seconds
Number of updated asset objects reloaded before import = 0Number of asset objects unloaded after import = 31

========================================================================
Received Import Request.
  Time since last request: 0.000038 seconds.
  path: Assets/Mech_Constructor_Humanoids/Prefabs/Gadgets/Gadget_Weapon_Shotgun_Lvl3.prefab
  artifactKey: Guid(d5575f0bcf13443439f4fff05a0a653b) Importer(815301076,1909f56bfc062723c751e8b465ee728b)
Start importing Assets/Mech_Constructor_Humanoids/Prefabs/Gadgets/Gadget_Weapon_Shotgun_Lvl3.prefab using Guid(d5575f0bcf13443439f4fff05a0a653b) Importer(815301076,1909f56bfc062723c751e8b465ee728b) (PreviewImporter) -> (artifact id: 'e29b215e82817a4f3b7c10c7ae9da785') in 0.0471403 seconds
Number of updated asset objects reloaded before import = 0Number of asset objects unloaded after import = 31

========================================================================
Received Import Request.
  Time since last request: 0.000048 seconds.
  path: Assets/Mech_Constructor_Humanoids/Models/Mech_Walker_Arm_Weapon_Lt.fbx
  artifactKey: Guid(6293610b979d00b4a944872a5fe96aa2) Importer(815301076,1909f56bfc062723c751e8b465ee728b)
Start importing Assets/Mech_Constructor_Humanoids/Models/Mech_Walker_Arm_Weapon_Lt.fbx using Guid(6293610b979d00b4a944872a5fe96aa2) Importer(815301076,1909f56bfc062723c751e8b465ee728b) (PreviewImporter) -> (artifact id: '652e29ade57c733cc0a45a7c5fa8e460') in 0.0633414 seconds
Number of updated asset objects reloaded before import = 0Number of asset objects unloaded after import = 20

========================================================================
Received Import Request.
  Time since last request: 0.000026 seconds.
  path: Assets/Mech_Constructor_Humanoids/Prefabs/Gadgets/Gadget_Weapon_Rockets.prefab
  artifactKey: Guid(ad352da66f2fe2340b18cba4316350ed) Importer(815301076,1909f56bfc062723c751e8b465ee728b)
Start importing Assets/Mech_Constructor_Humanoids/Prefabs/Gadgets/Gadget_Weapon_Rockets.prefab using Guid(ad352da66f2fe2340b18cba4316350ed) Importer(815301076,1909f56bfc062723c751e8b465ee728b) (PreviewImporter) -> (artifact id: 'f1dc2fb0e6459ea9f7a1990a4d7b93fd') in 0.0552133 seconds
Number of updated asset objects reloaded before import = 0Number of asset objects unloaded after import = 36

========================================================================
Received Import Request.
  Time since last request: 0.000031 seconds.
  path: Assets/Mech_Constructor_Humanoids/Prefabs/Gadgets/Gadget_Hand_Claw_2x_Lvl1.prefab
  artifactKey: Guid(99a63ab86d81c544cbe55b1595430d0a) Importer(815301076,1909f56bfc062723c751e8b465ee728b)
Start importing Assets/Mech_Constructor_Humanoids/Prefabs/Gadgets/Gadget_Hand_Claw_2x_Lvl1.prefab using Guid(99a63ab86d81c544cbe55b1595430d0a) Importer(815301076,1909f56bfc062723c751e8b465ee728b) (PreviewImporter) -> (artifact id: 'b3e633c0e61766dc028018864157f90d') in 0.0595012 seconds
Number of updated asset objects reloaded before import = 0Number of asset objects unloaded after import = 44

========================================================================
Received Import Request.
  Time since last request: 0.000035 seconds.
  path: Assets/Mech_Constructor_Humanoids/Prefabs/Arm_Weapon_Med.prefab
  artifactKey: Guid(64f118e791f1f9541a3150859c2ab98b) Importer(815301076,1909f56bfc062723c751e8b465ee728b)
Start importing Assets/Mech_Constructor_Humanoids/Prefabs/Arm_Weapon_Med.prefab using Guid(64f118e791f1f9541a3150859c2ab98b) Importer(815301076,1909f56bfc062723c751e8b465ee728b) (PreviewImporter) -> (artifact id: '6124d6900809009e97c39304e0da787b') in 0.0640495 seconds
Number of updated asset objects reloaded before import = 0Number of asset objects unloaded after import = 39

========================================================================
Received Import Request.
  Time since last request: 0.000033 seconds.
  path: Assets/Mech_Constructor_Humanoids/Prefabs/Walkers/Arms/Arms_Lt/Arm_R.prefab
  artifactKey: Guid(3b75e4aaa58837548922d8cf69f34683) Importer(815301076,1909f56bfc062723c751e8b465ee728b)
Start importing Assets/Mech_Constructor_Humanoids/Prefabs/Walkers/Arms/Arms_Lt/Arm_R.prefab using Guid(3b75e4aaa58837548922d8cf69f34683) Importer(815301076,1909f56bfc062723c751e8b465ee728b) (PreviewImporter) -> (artifact id: 'b3c08b6a251f5472982c7d22be6786e5') in 0.0549706 seconds
Number of updated asset objects reloaded before import = 0Number of asset objects unloaded after import = 46

========================================================================
Received Import Request.
  Time since last request: 70.361470 seconds.
  path: Assets/Mech_Constructor_Humanoids/Prefabs/Humanoids/Mech_Humanoid_Lvl1_No_Skin.prefab
  artifactKey: Guid(bf1ecd21ec2e06e42969aee57ca72349) Importer(815301076,1909f56bfc062723c751e8b465ee728b)
Start importing Assets/Mech_Constructor_Humanoids/Prefabs/Humanoids/Mech_Humanoid_Lvl1_No_Skin.prefab using Guid(bf1ecd21ec2e06e42969aee57ca72349) Importer(815301076,1909f56bfc062723c751e8b465ee728b) (PreviewImporter) -> (artifact id: '159908ca76a04273241109af034f796a') in 0.0773774 seconds
Number of updated asset objects reloaded before import = 0Number of asset objects unloaded after import = 282

========================================================================
Received Import Request.
  Time since last request: 0.000036 seconds.
  path: Assets/Mech_Constructor_Humanoids/Prefabs/Humanoids/Mech_Humanoid_Lvl3.prefab
  artifactKey: Guid(d9a8d0a0d2fb8394aab372788d100d6c) Importer(815301076,1909f56bfc062723c751e8b465ee728b)
Start importing Assets/Mech_Constructor_Humanoids/Prefabs/Humanoids/Mech_Humanoid_Lvl3.prefab using Guid(d9a8d0a0d2fb8394aab372788d100d6c) Importer(815301076,1909f56bfc062723c751e8b465ee728b) (PreviewImporter) -> (artifact id: 'f48f32899e85124d163a1e362d3d4dea') in 0.0793489 seconds
Number of updated asset objects reloaded before import = 0Number of asset objects unloaded after import = 141

========================================================================
Received Import Request.
  Time since last request: 0.000036 seconds.
  path: Assets/Mech_Constructor_Humanoids/Prefabs/Humanoids/Mech_Humanoid_Lvl2.prefab
  artifactKey: Guid(ed337f840c1d2964688838112fbcf9e2) Importer(815301076,1909f56bfc062723c751e8b465ee728b)
Start importing Assets/Mech_Constructor_Humanoids/Prefabs/Humanoids/Mech_Humanoid_Lvl2.prefab using Guid(ed337f840c1d2964688838112fbcf9e2) Importer(815301076,1909f56bfc062723c751e8b465ee728b) (PreviewImporter) -> (artifact id: '0ceef74d3af98b39fa86382969359de1') in 0.0685112 seconds
Number of updated asset objects reloaded before import = 0Number of asset objects unloaded after import = 141

Editor requested this worker to shutdown with reason: Scaling down because of idle timeout
AssetImportWorker is now disconnected from the server
Process exiting
Exiting without the bug reporter. Application will terminate with return code 0