Using pre-set license
Built from '6000.0/staging' branch; Version is '6000.0.27f1 (27c554a2199c) revision 2606420'; Using compiler version '193933523'; Build Type 'Release'
OS: 'Windows 11  (10.0.22631) 64bit Professional' Language: 'ko' Physical Memory: 65478 MB
BatchMode: 1, IsHumanControllingUs: 0, StartBugReporterOnCrash: 0, Is64bit: 1, IsPro: 1

COMMAND LINE ARGUMENTS:
C:\Program Files\Unity\Hub\Editor\6000.0.27f1\Editor\Unity.exe
-adb2
-batchMode
-noUpm
-name
AssetImportWorker0
-projectPath
C:/Users/pc/Documents/GitHub/MiniGame
-logFile
Logs/AssetImportWorker0.log
-srvPort
58742
-job-worker-count
3
-background-job-worker-count
8
-asset-garbage-collectors
1
Successfully changed project path to: C:/Users/pc/Documents/GitHub/MiniGame
C:/Users/pc/Documents/GitHub/MiniGame
[UnityMemory] Configuration Parameters - Can be set up in boot.config
    "memorysetup-bucket-allocator-granularity=16"
    "memorysetup-bucket-allocator-bucket-count=8"
    "memorysetup-bucket-allocator-block-size=33554432"
    "memorysetup-bucket-allocator-block-count=8"
    "memorysetup-main-allocator-block-size=16777216"
    "memorysetup-thread-allocator-block-size=16777216"
    "memorysetup-gfx-main-allocator-block-size=16777216"
    "memorysetup-gfx-thread-allocator-block-size=16777216"
    "memorysetup-cache-allocator-block-size=4194304"
    "memorysetup-typetree-allocator-block-size=2097152"
    "memorysetup-profiler-bucket-allocator-granularity=16"
    "memorysetup-profiler-bucket-allocator-bucket-count=8"
    "memorysetup-profiler-bucket-allocator-block-size=33554432"
    "memorysetup-profiler-bucket-allocator-block-count=8"
    "memorysetup-profiler-allocator-block-size=16777216"
    "memorysetup-profiler-editor-allocator-block-size=1048576"
    "memorysetup-temp-allocator-size-main=16777216"
    "memorysetup-job-temp-allocator-block-size=2097152"
    "memorysetup-job-temp-allocator-block-size-background=1048576"
    "memorysetup-job-temp-allocator-reduction-small-platforms=262144"
    "memorysetup-allocator-temp-initial-block-size-main=262144"
    "memorysetup-allocator-temp-initial-block-size-worker=262144"
    "memorysetup-temp-allocator-size-background-worker=32768"
    "memorysetup-temp-allocator-size-job-worker=262144"
    "memorysetup-temp-allocator-size-preload-manager=33554432"
    "memorysetup-temp-allocator-size-nav-mesh-worker=65536"
    "memorysetup-temp-allocator-size-audio-worker=65536"
    "memorysetup-temp-allocator-size-cloud-worker=32768"
    "memorysetup-temp-allocator-size-gi-baking-worker=262144"
    "memorysetup-temp-allocator-size-gi-baking-worker=262144"
    "memorysetup-temp-allocator-size-gi-baking-worker=262144"
    "memorysetup-temp-allocator-size-gi-baking-worker=262144"
    "memorysetup-temp-allocator-size-gi-baking-worker=262144"
    "memorysetup-temp-allocator-size-gfx=262144"
Player connection [18540]  Target information:

Player connection [18540]  * "[IP] 172.17.36.148 [Port] 0 [Flags] 2 [Guid] 4007343236 [EditorId] 4007343236 [Version] 1048832 [Id] WindowsEditor(7,DESKTOP-K42G2M9) [Debug] 1 [PackageName] WindowsEditor [ProjectName] Editor" 

Player connection [18540] Host joined multi-casting on [225.0.0.222:54997]...
Player connection [18540] Host joined alternative multi-casting on [225.0.0.222:34997]...
JobSystem: Creating JobQueue using job-worker-count value 3
[Physics::Module] Initialized fallback backend.
[Physics::Module] Id: 0xdecafbad
Library Redirect Path: Library/
[Physics::Module] Selected backend.
[Physics::Module] Name: PhysX
[Physics::Module] Id: 0xf2b8ea05
[Physics::Module] SDK Version: 4.1.2
[Physics::Module] Integration Version: 1.0.0
[Physics::Module] Threading Mode: Multi-Threaded
Refreshing native plugins compatible for Editor in 1.49 ms, found 3 plugins.
Preloading 0 native plugins for Editor in 0.00 ms.
Initialize engine version: 6000.0.27f1 (27c554a2199c)
[Subsystems] Discovering subsystems at path C:/Program Files/Unity/Hub/Editor/6000.0.27f1/Editor/Data/Resources/UnitySubsystems
[Subsystems] Discovering subsystems at path C:/Users/pc/Documents/GitHub/MiniGame/Assets
GfxDevice: creating device client; kGfxThreadingModeNonThreaded
Direct3D:
    Version:  Direct3D 11.0 [level 11.1]
    Renderer: NVIDIA GeForce RTX 2060 (ID=0x1f08)
    Vendor:   NVIDIA
    VRAM:     5954 MB
    Driver:   32.0.15.6109
Initialize mono
Mono path[0] = 'C:/Program Files/Unity/Hub/Editor/6000.0.27f1/Editor/Data/Managed'
Mono path[1] = 'C:/Program Files/Unity/Hub/Editor/6000.0.27f1/Editor/Data/MonoBleedingEdge/lib/mono/unityjit-win32'
Mono config path = 'C:/Program Files/Unity/Hub/Editor/6000.0.27f1/Editor/Data/MonoBleedingEdge/etc'
Using monoOptions --debugger-agent=transport=dt_socket,embedding=1,server=y,suspend=n,address=127.0.0.1:56404
Begin MonoManager ReloadAssembly
Registering precompiled unity dll's ...
Register platform support module: C:/Program Files/Unity/Hub/Editor/6000.0.27f1/Editor/Data/PlaybackEngines/WebGLSupport/UnityEditor.WebGL.Extensions.dll
Register platform support module: C:/Program Files/Unity/Hub/Editor/6000.0.27f1/Editor/Data/PlaybackEngines/WindowsStandaloneSupport/UnityEditor.WindowsStandalone.Extensions.dll
Registered in 0.004390 seconds.
- Loaded All Assemblies, in  0.442 seconds
Native extension for WindowsStandalone target not found
Native extension for WebGL target not found
Mono: successfully reloaded assembly
- Finished resetting the current domain, in  0.422 seconds
Domain Reload Profiling: 861ms
	BeginReloadAssembly (143ms)
		ExecutionOrderSort (0ms)
		DisableScriptedObjects (0ms)
		BackupInstance (0ms)
		ReleaseScriptingObjects (0ms)
		CreateAndSetChildDomain (1ms)
	RebuildCommonClasses (40ms)
	RebuildNativeTypeToScriptingClass (13ms)
	initialDomainReloadingComplete (70ms)
	LoadAllAssembliesAndSetupDomain (173ms)
		LoadAssemblies (139ms)
		RebuildTransferFunctionScriptingTraits (0ms)
		AnalyzeDomain (170ms)
			TypeCache.Refresh (168ms)
				TypeCache.ScanAssembly (154ms)
			BuildScriptInfoCaches (0ms)
			ResolveRequiredComponents (0ms)
	FinalizeReload (422ms)
		ReleaseScriptCaches (0ms)
		RebuildScriptCaches (0ms)
		SetupLoadedEditorAssemblies (352ms)
			LogAssemblyErrors (0ms)
			InitializePlatformSupportModulesInManaged (31ms)
			SetLoadedEditorAssemblies (5ms)
			BeforeProcessingInitializeOnLoad (7ms)
			ProcessInitializeOnLoadAttributes (240ms)
			ProcessInitializeOnLoadMethodAttributes (65ms)
			AfterProcessingInitializeOnLoad (3ms)
			EditorAssembliesLoaded (0ms)
		ExecutionOrderSort2 (0ms)
		AwakeInstancesAfterBackupRestoration (0ms)
Assembly reference Packages/com.unity.cinemachine/Editor/Samples/ExposeHDRPInternals/HDRP-Editor-ref.asmref has no target assembly definition
========================================================================
Worker process is ready to serve import requests
Import Worker Mode flag is 0x00
Assembly reference Packages/com.unity.cinemachine/Editor/Samples/ExposeHDRPInternals/HDRP-Editor-ref.asmref has no target assembly definition
Assembly reference Packages/com.unity.cinemachine/Editor/Samples/ExposeHDRPInternals/HDRP-Editor-ref.asmref has no target assembly definition
Begin MonoManager ReloadAssembly
Duplicate assembly 'log4net.dll' with different versions detected, using 'Packages/com.unity.package-validation-suite/Lib/Editor/log4net.dll, AssemblyName=log4net, Version=2.0.8.0, Culture=neutral, PublicKeyToken=669e0ddf0bb1aa2a' and ignoring 'Packages/com.unity.collab-proxy/Lib/Editor/log4netPlastic.dll, AssemblyName=log4net, Version=1.2.15.0, Culture=neutral, PublicKeyToken=669e0ddf0bb1aa2a'.- Loaded All Assemblies, in  1.164 seconds
Assembly reference Packages/com.unity.cinemachine/Editor/Samples/ExposeHDRPInternals/HDRP-Editor-ref.asmref has no target assembly definition
'Packages/com.unity.cinemachine/Editor/Obsolete/CinemachineVirtualCameraBaseEditor.cs' contains partial class of Unity.Object, exactly 1 of the partial classes needs to be in a file with the same filename. This is to know the one that can be referenced from ie. GameObjects
'Packages/com.unity.cinemachine/Editor/Editors/CinemachineVirtualCameraBaseEditor.cs' contains partial class of Unity.Object, exactly 1 of the partial classes needs to be in a file with the same filename. This is to know the one that can be referenced from ie. GameObjects
Refreshing native plugins compatible for Editor in 1.16 ms, found 3 plugins.
Native extension for WindowsStandalone target not found
Native extension for WebGL target not found
Assembly reference Packages/com.unity.cinemachine/Editor/Samples/ExposeHDRPInternals/HDRP-Editor-ref.asmref has no target assembly definition
[MODES] ModeService[none].Initialize
[MODES] ModeService[none].LoadModes
[MODES] Loading mode Default (0) for mode-current-id-Minigame
Package Manager log level set to [2]
[Package Manager] Failed to launch server process. Reason: Unity was launched with the -noUpm command-line argument
[Package Manager] Unable to send message (not connected to server process).
[Package Manager] Cannot connect to Unity Package Manager local server
Refreshing native plugins compatible for Editor in 1.30 ms, found 3 plugins.
Mono: successfully reloaded assembly
- Finished resetting the current domain, in  1.155 seconds
Domain Reload Profiling: 2313ms
	BeginReloadAssembly (427ms)
		ExecutionOrderSort (0ms)
		DisableScriptedObjects (7ms)
		BackupInstance (0ms)
		ReleaseScriptingObjects (0ms)
		CreateAndSetChildDomain (31ms)
	RebuildCommonClasses (37ms)
	RebuildNativeTypeToScriptingClass (13ms)
	initialDomainReloadingComplete (55ms)
	LoadAllAssembliesAndSetupDomain (626ms)
		LoadAssemblies (376ms)
		RebuildTransferFunctionScriptingTraits (0ms)
		AnalyzeDomain (351ms)
			TypeCache.Refresh (226ms)
				TypeCache.ScanAssembly (209ms)
			BuildScriptInfoCaches (110ms)
			ResolveRequiredComponents (13ms)
	FinalizeReload (1155ms)
		ReleaseScriptCaches (0ms)
		RebuildScriptCaches (0ms)
		SetupLoadedEditorAssemblies (848ms)
			LogAssemblyErrors (0ms)
			InitializePlatformSupportModulesInManaged (3ms)
			SetLoadedEditorAssemblies (5ms)
			BeforeProcessingInitializeOnLoad (96ms)
			ProcessInitializeOnLoadAttributes (646ms)
			ProcessInitializeOnLoadMethodAttributes (90ms)
			AfterProcessingInitializeOnLoad (8ms)
			EditorAssembliesLoaded (0ms)
		ExecutionOrderSort2 (0ms)
		AwakeInstancesAfterBackupRestoration (6ms)
Launched and connected shader compiler UnityShaderCompiler.exe after 0.01 seconds
Refreshing native plugins compatible for Editor in 1.04 ms, found 3 plugins.
Preloading 0 native plugins for Editor in 0.00 ms.
Unloading 219 Unused Serialized files (Serialized files now loaded: 0)
Unloading 6633 unused Assets / (5.5 MB). Loaded Objects now: 7423.
Memory consumption went from 191.7 MB to 186.2 MB.
Total: 10.709100 ms (FindLiveObjects: 0.766200 ms CreateObjectMapping: 1.375100 ms MarkObjects: 5.567900 ms  DeleteObjects: 2.997400 ms)

========================================================================
Received Import Request.
  Time since last request: 102541.562631 seconds.
  path: Assets/Mech_Constructor_Humanoids/Materials/FX_Shield_Cell_Map_1.psd
  artifactKey: Guid(1194a5619d40ca245bdb306ee4f0371a) Importer(815301076,1909f56bfc062723c751e8b465ee728b)
Start importing Assets/Mech_Constructor_Humanoids/Materials/FX_Shield_Cell_Map_1.psd using Guid(1194a5619d40ca245bdb306ee4f0371a) Importer(815301076,1909f56bfc062723c751e8b465ee728b) (PreviewImporter) -> (artifact id: '34c80a2bf48e549093938183df3bb44e') in 0.0902908 seconds
Number of updated asset objects reloaded before import = 0Number of asset objects unloaded after import = 2

========================================================================
Received Import Request.
  Time since last request: 1.293712 seconds.
  path: Assets/Mech_Constructor_Humanoids/Materials/Source
  artifactKey: Guid(6f5f4bb1a20aa6749b23b86152fa7611) Importer(815301076,1909f56bfc062723c751e8b465ee728b)
Start importing Assets/Mech_Constructor_Humanoids/Materials/Source using Guid(6f5f4bb1a20aa6749b23b86152fa7611) Importer(815301076,1909f56bfc062723c751e8b465ee728b) (PreviewImporter) -> (artifact id: 'f163bee7de1fb42cbbe930e866cfcf9e') in 0.0006907 seconds
Number of updated asset objects reloaded before import = 0Number of asset objects unloaded after import = 0

========================================================================
Received Import Request.
  Time since last request: 1.131842 seconds.
  path: Assets/Mech_Constructor_Humanoids/Materials/Realistic
  artifactKey: Guid(b194b85d9d11b244291cbf9cfacb2b8f) Importer(815301076,1909f56bfc062723c751e8b465ee728b)
Start importing Assets/Mech_Constructor_Humanoids/Materials/Realistic using Guid(b194b85d9d11b244291cbf9cfacb2b8f) Importer(815301076,1909f56bfc062723c751e8b465ee728b) (PreviewImporter) -> (artifact id: 'd0aa3fc54b740ff38781d5dc0324ece6') in 0.0007831 seconds
Number of updated asset objects reloaded before import = 0Number of asset objects unloaded after import = 0

========================================================================
Received Import Request.
  Time since last request: 0.776726 seconds.
  path: Assets/Mech_Constructor_Humanoids/Materials/Camouflage_Diffuse
  artifactKey: Guid(2a661662eea9ef5479c0542f44ea1a9e) Importer(815301076,1909f56bfc062723c751e8b465ee728b)
Start importing Assets/Mech_Constructor_Humanoids/Materials/Camouflage_Diffuse using Guid(2a661662eea9ef5479c0542f44ea1a9e) Importer(815301076,1909f56bfc062723c751e8b465ee728b) (PreviewImporter) -> (artifact id: '40c7befb826c407ab3ba9f16b69f0692') in 0.0005792 seconds
Number of updated asset objects reloaded before import = 0Number of asset objects unloaded after import = 0

========================================================================
Received Import Request.
  Time since last request: 1.827120 seconds.
  path: Assets/Mech_Constructor_Humanoids/Materials/Camouflage_Diffuse/Humanoids_Camo_Diffuse_Black.png
  artifactKey: Guid(4f45dfffa9fda3e458a971708f44efce) Importer(815301076,1909f56bfc062723c751e8b465ee728b)
Start importing Assets/Mech_Constructor_Humanoids/Materials/Camouflage_Diffuse/Humanoids_Camo_Diffuse_Black.png using Guid(4f45dfffa9fda3e458a971708f44efce) Importer(815301076,1909f56bfc062723c751e8b465ee728b) (PreviewImporter) -> (artifact id: '068d6bcccc2cbada4b7b674f2cfcd4cc') in 0.0314971 seconds
Number of updated asset objects reloaded before import = 0Number of asset objects unloaded after import = 2

========================================================================
Received Import Request.
  Time since last request: 9.613984 seconds.
  path: Assets/Mech_Constructor_Humanoids/Animations
  artifactKey: Guid(c9f70965c23eff74da7bbf72791477da) Importer(815301076,1909f56bfc062723c751e8b465ee728b)
Start importing Assets/Mech_Constructor_Humanoids/Animations using Guid(c9f70965c23eff74da7bbf72791477da) Importer(815301076,1909f56bfc062723c751e8b465ee728b) (PreviewImporter) -> (artifact id: '8acd4ee88ad35462fb4d82d6e32823ee') in 0.0006794 seconds
Number of updated asset objects reloaded before import = 0Number of asset objects unloaded after import = 0

========================================================================
Received Import Request.
  Time since last request: 2.741204 seconds.
  path: Assets/Mech_Constructor_Humanoids/Materials
  artifactKey: Guid(cffe1726f048e4e478518878844ba971) Importer(815301076,1909f56bfc062723c751e8b465ee728b)
Start importing Assets/Mech_Constructor_Humanoids/Materials using Guid(cffe1726f048e4e478518878844ba971) Importer(815301076,1909f56bfc062723c751e8b465ee728b) (PreviewImporter) -> (artifact id: '367425b6c8b7df32bb12eea457c65d3e') in 0.0005553 seconds
Number of updated asset objects reloaded before import = 0Number of asset objects unloaded after import = 0

========================================================================
Received Import Request.
  Time since last request: 2.032103 seconds.
  path: Assets/Mech_Constructor_Humanoids/Materials/Source/MC_Humanoids__Source_PSD_Link.txt
  artifactKey: Guid(5f6c45d1a0e2644479f6ed39b5c786e0) Importer(815301076,1909f56bfc062723c751e8b465ee728b)
Start importing Assets/Mech_Constructor_Humanoids/Materials/Source/MC_Humanoids__Source_PSD_Link.txt using Guid(5f6c45d1a0e2644479f6ed39b5c786e0) Importer(815301076,1909f56bfc062723c751e8b465ee728b) (PreviewImporter) -> (artifact id: '814d89e33e30508cb8f1757614fe2750') in 0.0011722 seconds
Number of updated asset objects reloaded before import = 0Number of asset objects unloaded after import = 1

========================================================================
Received Import Request.
  Time since last request: 1.170657 seconds.
  path: Assets/Mech_Constructor_Humanoids/Models
  artifactKey: Guid(e2a36d2ec2ec1334faed48855dfe23de) Importer(815301076,1909f56bfc062723c751e8b465ee728b)
Start importing Assets/Mech_Constructor_Humanoids/Models using Guid(e2a36d2ec2ec1334faed48855dfe23de) Importer(815301076,1909f56bfc062723c751e8b465ee728b) (PreviewImporter) -> (artifact id: '94f222f23ac5c98e9bb43e46f82a2a1a') in 0.0004863 seconds
Number of updated asset objects reloaded before import = 0Number of asset objects unloaded after import = 0

========================================================================
Received Prepare
Assembly reference Packages/com.unity.cinemachine/Editor/Samples/ExposeHDRPInternals/HDRP-Editor-ref.asmref has no target assembly definition
Assembly reference Packages/com.unity.cinemachine/Editor/Samples/ExposeHDRPInternals/HDRP-Editor-ref.asmref has no target assembly definition
Begin MonoManager ReloadAssembly
Duplicate assembly 'log4net.dll' with different versions detected, using 'Packages/com.unity.package-validation-suite/Lib/Editor/log4net.dll, AssemblyName=log4net, Version=2.0.8.0, Culture=neutral, PublicKeyToken=669e0ddf0bb1aa2a' and ignoring 'Packages/com.unity.collab-proxy/Lib/Editor/log4netPlastic.dll, AssemblyName=log4net, Version=1.2.15.0, Culture=neutral, PublicKeyToken=669e0ddf0bb1aa2a'.- Loaded All Assemblies, in  0.752 seconds
Assembly reference Packages/com.unity.cinemachine/Editor/Samples/ExposeHDRPInternals/HDRP-Editor-ref.asmref has no target assembly definition
'Packages/com.unity.cinemachine/Editor/Obsolete/CinemachineVirtualCameraBaseEditor.cs' contains partial class of Unity.Object, exactly 1 of the partial classes needs to be in a file with the same filename. This is to know the one that can be referenced from ie. GameObjects
'Packages/com.unity.cinemachine/Editor/Editors/CinemachineVirtualCameraBaseEditor.cs' contains partial class of Unity.Object, exactly 1 of the partial classes needs to be in a file with the same filename. This is to know the one that can be referenced from ie. GameObjects
Refreshing native plugins compatible for Editor in 1.01 ms, found 3 plugins.
Native extension for WindowsStandalone target not found
Native extension for WebGL target not found
Assembly reference Packages/com.unity.cinemachine/Editor/Samples/ExposeHDRPInternals/HDRP-Editor-ref.asmref has no target assembly definition
Error loading file Library/StateCache/LayerSettings/9e/9ecc5c3c162a7aba29bafa64c8b94b7c.json. Error: System.IO.IOException: Sharing violation on path C:\Users\pc\Documents\GitHub\MiniGame\Library\StateCache\LayerSettings\9e\9ecc5c3c162a7aba29bafa64c8b94b7c.json
  at System.IO.FileStream..ctor (System.String path, System.IO.FileMode mode, System.IO.FileAccess access, System.IO.FileShare share, System.Int32 bufferSize, System.Boolean anonymous, System.IO.FileOptions options) [0x0019e] in <321eb2db7c6d43ea8fc39b54eaca3452>:0 
  at System.IO.FileStream..ctor (System.String path, System.IO.FileMode mode, System.IO.FileAccess access, System.IO.FileShare share, System.Int32 bufferSize, System.IO.FileOptions options) [0x00000] in <321eb2db7c6d43ea8fc39b54eaca3452>:0 
  at (wrapper remoting-invoke-with-check) System.IO.FileStream..ctor(string,System.IO.FileMode,System.IO.FileAccess,System.IO.FileShare,int,System.IO.FileOptions)
  at System.IO.StreamReader..ctor (System.String path, System.Text.Encoding encoding, System.Boolean detectEncodingFromByteOrderMarks, System.Int32 bufferSize) [0x00055] in <321eb2db7c6d43ea8fc39b54eaca3452>:0 
  at System.IO.StreamReader..ctor (System.String path, System.Text.Encoding encoding, System.Boolean detectEncodingFromByteOrderMarks) [0x00000] in <321eb2db7c6d43ea8fc39b54eaca3452>:0 
  at (wrapper remoting-invoke-with-check) System.IO.StreamReader..ctor(string,System.Text.Encoding,bool)
  at System.IO.File.InternalReadAllText (System.String path, System.Text.Encoding encoding) [0x00000] in <321eb2db7c6d43ea8fc39b54eaca3452>:0 
  at System.IO.File.ReadAllText (System.String path, System.Text.Encoding encoding) [0x00034] in <321eb2db7c6d43ea8fc39b54eaca3452>:0 
  at UnityEditor.StateCache`1[T].GetState (UnityEngine.Hash128 key, T defaultValue) [0x00041] in <c7af6a133ab24232b6d4430b4b789a62>:0 
UnityEngine.Debug:ExtractStackTraceNoAlloc (byte*,int,string)
UnityEngine.StackTraceUtility:ExtractStackTrace ()
UnityEngine.DebugLogHandler:Internal_Log (UnityEngine.LogType,UnityEngine.LogOption,string,UnityEngine.Object)
UnityEngine.DebugLogHandler:LogFormat (UnityEngine.LogType,UnityEngine.Object,string,object[])
UnityEngine.Logger:Log (UnityEngine.LogType,object)
UnityEngine.Debug:LogError (object)
UnityEditor.StateCache`1<UnityEditor.Tools/LayerSettings>:GetState (UnityEngine.Hash128,UnityEditor.Tools/LayerSettings)
UnityEditor.Tools:OnEnable ()
UnityEngine.ScriptableObject:CreateScriptableObjectInstanceFromType (System.Type,bool)
UnityEngine.ScriptableObject:CreateInstance (System.Type)
UnityEngine.ScriptableObject:CreateInstance<UnityEditor.Tools> ()
UnityEditor.Tools:get_get ()
UnityEditor.Tools:get_visibleLayers ()
UnityEditor.Animations.Rigging.BoneRendererUtils:.cctor () (at ./Library/PackageCache/com.unity.animation.rigging/Editor/Utils/BoneRendererUtils.cs:121)
System.Runtime.CompilerServices.RuntimeHelpers:RunClassConstructor (System.RuntimeTypeHandle)
UnityEditor.EditorAssemblies:ProcessInitializeOnLoadAttributes (System.Type[])

(Filename: ./Library/PackageCache/com.unity.animation.rigging/Editor/Utils/BoneRendererUtils.cs Line: 121)

[MODES] ModeService[none].Initialize
[MODES] ModeService[none].LoadModes
[Package Manager] Failed to launch server process. Reason: Unity was launched with the -noUpm command-line argument
[Package Manager] Unable to send message (not connected to server process).
[Package Manager] Cannot connect to Unity Package Manager local server
Mono: successfully reloaded assembly
- Finished resetting the current domain, in  1.107 seconds
Domain Reload Profiling: 1857ms
	BeginReloadAssembly (209ms)
		ExecutionOrderSort (0ms)
		DisableScriptedObjects (6ms)
		BackupInstance (0ms)
		ReleaseScriptingObjects (0ms)
		CreateAndSetChildDomain (53ms)
	RebuildCommonClasses (38ms)
	RebuildNativeTypeToScriptingClass (13ms)
	initialDomainReloadingComplete (29ms)
	LoadAllAssembliesAndSetupDomain (461ms)
		LoadAssemblies (346ms)
		RebuildTransferFunctionScriptingTraits (0ms)
		AnalyzeDomain (219ms)
			TypeCache.Refresh (7ms)
				TypeCache.ScanAssembly (0ms)
			BuildScriptInfoCaches (196ms)
			ResolveRequiredComponents (13ms)
	FinalizeReload (1108ms)
		ReleaseScriptCaches (0ms)
		RebuildScriptCaches (0ms)
		SetupLoadedEditorAssemblies (749ms)
			LogAssemblyErrors (0ms)
			InitializePlatformSupportModulesInManaged (3ms)
			SetLoadedEditorAssemblies (5ms)
			BeforeProcessingInitializeOnLoad (73ms)
			ProcessInitializeOnLoadAttributes (547ms)
			ProcessInitializeOnLoadMethodAttributes (111ms)
			AfterProcessingInitializeOnLoad (9ms)
			EditorAssembliesLoaded (0ms)
		ExecutionOrderSort2 (0ms)
		AwakeInstancesAfterBackupRestoration (14ms)
Refreshing native plugins compatible for Editor in 1.35 ms, found 3 plugins.
Preloading 0 native plugins for Editor in 0.00 ms.
Unloading 24 Unused Serialized files (Serialized files now loaded: 0)
Unloading 6629 unused Assets / (4.6 MB). Loaded Objects now: 7445.
Memory consumption went from 178.6 MB to 174.0 MB.
Total: 13.273400 ms (FindLiveObjects: 1.256000 ms CreateObjectMapping: 2.093500 ms MarkObjects: 6.551300 ms  DeleteObjects: 3.371700 ms)

Prepare: number of updated asset objects reloaded= 0
========================================================================
Received Import Request.
  Time since last request: 132.285232 seconds.
  path: Assets/Mech_Constructor_Humanoids/Prefabs
  artifactKey: Guid(658e262e146febd41a986e05496aaadc) Importer(815301076,1909f56bfc062723c751e8b465ee728b)
Start importing Assets/Mech_Constructor_Humanoids/Prefabs using Guid(658e262e146febd41a986e05496aaadc) Importer(815301076,1909f56bfc062723c751e8b465ee728b) (PreviewImporter) -> (artifact id: '6aaef040a0ff5bf84a19209f1e14095e') in 0.007406 seconds
Number of updated asset objects reloaded before import = 0Number of asset objects unloaded after import = 0

========================================================================
Received Import Request.
  Time since last request: 1.151725 seconds.
  path: Assets/Mech_Constructor_Humanoids/Prefabs/Gadgets
  artifactKey: Guid(78efe57c0c388b643bce120497b7d15f) Importer(815301076,1909f56bfc062723c751e8b465ee728b)
Start importing Assets/Mech_Constructor_Humanoids/Prefabs/Gadgets using Guid(78efe57c0c388b643bce120497b7d15f) Importer(815301076,1909f56bfc062723c751e8b465ee728b) (PreviewImporter) -> (artifact id: '0264540be1a0aa9238da2bb49e33dd5e') in 0.0004946 seconds
Number of updated asset objects reloaded before import = 0Number of asset objects unloaded after import = 0

========================================================================
Received Import Request.
  Time since last request: 0.481073 seconds.
  path: Assets/Mech_Constructor_Humanoids/Prefabs/Humanoids
  artifactKey: Guid(f9ed3b5bbf555e94190f6d54306a69f7) Importer(815301076,1909f56bfc062723c751e8b465ee728b)
Start importing Assets/Mech_Constructor_Humanoids/Prefabs/Humanoids using Guid(f9ed3b5bbf555e94190f6d54306a69f7) Importer(815301076,1909f56bfc062723c751e8b465ee728b) (PreviewImporter) -> (artifact id: '88543b08d6fad976c8efbf5aee90135f') in 0.0004959 seconds
Number of updated asset objects reloaded before import = 0Number of asset objects unloaded after import = 0

========================================================================
Received Import Request.
  Time since last request: 0.007850 seconds.
  path: Assets/Mech_Constructor_Humanoids/Prefabs/No_Skin
  artifactKey: Guid(50fd4771875ef0c4ba7f8e03bdde6ed9) Importer(815301076,1909f56bfc062723c751e8b465ee728b)
Start importing Assets/Mech_Constructor_Humanoids/Prefabs/No_Skin using Guid(50fd4771875ef0c4ba7f8e03bdde6ed9) Importer(815301076,1909f56bfc062723c751e8b465ee728b) (PreviewImporter) -> (artifact id: '7e871816fbc9eef98bdda2074e04b14d') in 0.0004778 seconds
Number of updated asset objects reloaded before import = 0Number of asset objects unloaded after import = 0

========================================================================
Received Import Request.
  Time since last request: 0.010736 seconds.
  path: Assets/Mech_Constructor_Humanoids/Prefabs/Walkers
  artifactKey: Guid(839ac49b1ed6fff43925550eb2e03ec0) Importer(815301076,1909f56bfc062723c751e8b465ee728b)
Start importing Assets/Mech_Constructor_Humanoids/Prefabs/Walkers using Guid(839ac49b1ed6fff43925550eb2e03ec0) Importer(815301076,1909f56bfc062723c751e8b465ee728b) (PreviewImporter) -> (artifact id: 'ea27c07fa58056f08de2a68bda17ae60') in 0.0004978 seconds
Number of updated asset objects reloaded before import = 0Number of asset objects unloaded after import = 0

========================================================================
Received Import Request.
  Time since last request: 0.015644 seconds.
  path: Assets/Mech_Constructor_Humanoids/Prefabs/Antenna.prefab
  artifactKey: Guid(2c7df7e164f69fb4baa4a688da36f20a) Importer(815301076,1909f56bfc062723c751e8b465ee728b)
Start importing Assets/Mech_Constructor_Humanoids/Prefabs/Antenna.prefab using Guid(2c7df7e164f69fb4baa4a688da36f20a) Importer(815301076,1909f56bfc062723c751e8b465ee728b) (PreviewImporter) -> (artifact id: '4270427639aae56b39624c72f036e143') in 0.5755666 seconds
Number of updated asset objects reloaded before import = 0Number of asset objects unloaded after import = 14

========================================================================
Received Import Request.
  Time since last request: 0.000029 seconds.
  path: Assets/Mech_Constructor_Humanoids/Prefabs/Backpack_Dish_Lvl1.prefab
  artifactKey: Guid(4e5eaa9397c6d4e4fb24a089f54d6ccb) Importer(815301076,1909f56bfc062723c751e8b465ee728b)
Start importing Assets/Mech_Constructor_Humanoids/Prefabs/Backpack_Dish_Lvl1.prefab using Guid(4e5eaa9397c6d4e4fb24a089f54d6ccb) Importer(815301076,1909f56bfc062723c751e8b465ee728b) (PreviewImporter) -> (artifact id: '0f1ddf1b29974e7ee1f8078e9ec65803') in 0.0612031 seconds
Number of updated asset objects reloaded before import = 0Number of asset objects unloaded after import = 45

========================================================================
Received Import Request.
  Time since last request: 0.000031 seconds.
  path: Assets/Mech_Constructor_Humanoids/Prefabs/Backpack_Energy_Shield_Lvl1.prefab
  artifactKey: Guid(79de309dfad37ed4fa1040df30d226a5) Importer(815301076,1909f56bfc062723c751e8b465ee728b)
Start importing Assets/Mech_Constructor_Humanoids/Prefabs/Backpack_Energy_Shield_Lvl1.prefab using Guid(79de309dfad37ed4fa1040df30d226a5) Importer(815301076,1909f56bfc062723c751e8b465ee728b) (PreviewImporter) -> (artifact id: 'd43e86117053f067a34abcfbdc41a2db') in 0.0830562 seconds
Number of updated asset objects reloaded before import = 0Number of asset objects unloaded after import = 43

========================================================================
Received Import Request.
  Time since last request: 0.000036 seconds.
  path: Assets/Mech_Constructor_Humanoids/Prefabs/Backpack_Shield_Lvl1.prefab
  artifactKey: Guid(61ed982ea5a9f2f488fb6e7bf031cf3e) Importer(815301076,1909f56bfc062723c751e8b465ee728b)
Start importing Assets/Mech_Constructor_Humanoids/Prefabs/Backpack_Shield_Lvl1.prefab using Guid(61ed982ea5a9f2f488fb6e7bf031cf3e) Importer(815301076,1909f56bfc062723c751e8b465ee728b) (PreviewImporter) -> (artifact id: 'c6c2d2a975706ca73574a22a78ac786a') in 0.046962 seconds
Number of updated asset objects reloaded before import = 0Number of asset objects unloaded after import = 31

========================================================================
Received Import Request.
  Time since last request: 0.000096 seconds.
  path: Assets/Mech_Constructor_Humanoids/Prefabs/Backpack_Shield_Lvl2.prefab
  artifactKey: Guid(6f3d17ba8d44d994cbba698a53dd2739) Importer(815301076,1909f56bfc062723c751e8b465ee728b)
Start importing Assets/Mech_Constructor_Humanoids/Prefabs/Backpack_Shield_Lvl2.prefab using Guid(6f3d17ba8d44d994cbba698a53dd2739) Importer(815301076,1909f56bfc062723c751e8b465ee728b) (PreviewImporter) -> (artifact id: 'a4e9ebdc4a8905a94ba07e9aaa125820') in 0.0467269 seconds
Number of updated asset objects reloaded before import = 0Number of asset objects unloaded after import = 31

========================================================================
Received Import Request.
  Time since last request: 0.000036 seconds.
  path: Assets/Mech_Constructor_Humanoids/Prefabs/Cockpit_Bulldog.prefab
  artifactKey: Guid(fdb7b174dda9c7f4caa737db9c94e7bc) Importer(815301076,1909f56bfc062723c751e8b465ee728b)
Start importing Assets/Mech_Constructor_Humanoids/Prefabs/Cockpit_Bulldog.prefab using Guid(fdb7b174dda9c7f4caa737db9c94e7bc) Importer(815301076,1909f56bfc062723c751e8b465ee728b) (PreviewImporter) -> (artifact id: 'f8de0ef008aae13669a23f560db4d8dc') in 0.0531939 seconds
Number of updated asset objects reloaded before import = 0Number of asset objects unloaded after import = 22

========================================================================
Received Import Request.
  Time since last request: 0.000024 seconds.
  path: Assets/Mech_Constructor_Humanoids/Prefabs/Cockpit_Humanoid_Riser_Lvl1.prefab
  artifactKey: Guid(1ee9001244b41e541b6af79e04343230) Importer(815301076,1909f56bfc062723c751e8b465ee728b)
Start importing Assets/Mech_Constructor_Humanoids/Prefabs/Cockpit_Humanoid_Riser_Lvl1.prefab using Guid(1ee9001244b41e541b6af79e04343230) Importer(815301076,1909f56bfc062723c751e8b465ee728b) (PreviewImporter) -> (artifact id: '35cdbf0b2c0713e2231e7ca3a6385e65') in 0.0510045 seconds
Number of updated asset objects reloaded before import = 0Number of asset objects unloaded after import = 29

========================================================================
Received Import Request.
  Time since last request: 0.000026 seconds.
  path: Assets/Mech_Constructor_Humanoids/Prefabs/Backpack_Box_Container@Backpack_Box_Container_Open.prefab
  artifactKey: Guid(6b62c10f6fc506943992906b211f3049) Importer(815301076,1909f56bfc062723c751e8b465ee728b)
Start importing Assets/Mech_Constructor_Humanoids/Prefabs/Backpack_Box_Container@Backpack_Box_Container_Open.prefab using Guid(6b62c10f6fc506943992906b211f3049) Importer(815301076,1909f56bfc062723c751e8b465ee728b) (PreviewImporter) -> (artifact id: '8cd8082b5fc04cfb20b47bbb9bb29130') in 0.0530583 seconds
Number of updated asset objects reloaded before import = 0Number of asset objects unloaded after import = 31

========================================================================
Received Import Request.
  Time since last request: 0.000035 seconds.
  path: Assets/Mech_Constructor_Humanoids/Prefabs/Cockpit_Round.prefab
  artifactKey: Guid(9cdf886a7bee9dc40825288f5740d622) Importer(815301076,1909f56bfc062723c751e8b465ee728b)
Start importing Assets/Mech_Constructor_Humanoids/Prefabs/Cockpit_Round.prefab using Guid(9cdf886a7bee9dc40825288f5740d622) Importer(815301076,1909f56bfc062723c751e8b465ee728b) (PreviewImporter) -> (artifact id: 'f340cc772055ad278f77709dacb1033f') in 0.0594874 seconds
Number of updated asset objects reloaded before import = 0Number of asset objects unloaded after import = 35

========================================================================
Received Import Request.
  Time since last request: 0.000035 seconds.
  path: Assets/Mech_Constructor_Humanoids/Prefabs/Cockpit_Rabbit_No_Interior.prefab
  artifactKey: Guid(23b438edfed002445b6cacda4ccd30d2) Importer(815301076,1909f56bfc062723c751e8b465ee728b)
Start importing Assets/Mech_Constructor_Humanoids/Prefabs/Cockpit_Rabbit_No_Interior.prefab using Guid(23b438edfed002445b6cacda4ccd30d2) Importer(815301076,1909f56bfc062723c751e8b465ee728b) (PreviewImporter) -> (artifact id: '879a2b36da80cae5812bcb6c56f54dd1') in 0.0620849 seconds
Number of updated asset objects reloaded before import = 0Number of asset objects unloaded after import = 24

========================================================================
Received Import Request.
  Time since last request: 0.000026 seconds.
  path: Assets/Mech_Constructor_Humanoids/Prefabs/Cockpit_Shuttle_No_Interior.prefab
  artifactKey: Guid(814b6510c4b4848419d4470fd6f7e6b8) Importer(815301076,1909f56bfc062723c751e8b465ee728b)
Start importing Assets/Mech_Constructor_Humanoids/Prefabs/Cockpit_Shuttle_No_Interior.prefab using Guid(814b6510c4b4848419d4470fd6f7e6b8) Importer(815301076,1909f56bfc062723c751e8b465ee728b) (PreviewImporter) -> (artifact id: '75c60fcadb295048a58dca4c62539d5b') in 0.0582193 seconds
Number of updated asset objects reloaded before import = 0Number of asset objects unloaded after import = 24

========================================================================
Received Import Request.
  Time since last request: 0.000027 seconds.
  path: Assets/Mech_Constructor_Humanoids/Prefabs/Backpack_Box.prefab
  artifactKey: Guid(a3e3ce0aa17836f43bdcc67e9783f017) Importer(815301076,1909f56bfc062723c751e8b465ee728b)
Start importing Assets/Mech_Constructor_Humanoids/Prefabs/Backpack_Box.prefab using Guid(a3e3ce0aa17836f43bdcc67e9783f017) Importer(815301076,1909f56bfc062723c751e8b465ee728b) (PreviewImporter) -> (artifact id: '912d83dbe03eb1bc37af0e362bc3262a') in 0.0538677 seconds
Number of updated asset objects reloaded before import = 0Number of asset objects unloaded after import = 14

========================================================================
Received Import Request.
  Time since last request: 0.000026 seconds.
  path: Assets/Mech_Constructor_Humanoids/Prefabs/Cockpit_XL_Throne.prefab
  artifactKey: Guid(12ee994012788504d87b111b7f93ee2b) Importer(815301076,1909f56bfc062723c751e8b465ee728b)
Start importing Assets/Mech_Constructor_Humanoids/Prefabs/Cockpit_XL_Throne.prefab using Guid(12ee994012788504d87b111b7f93ee2b) Importer(815301076,1909f56bfc062723c751e8b465ee728b) (PreviewImporter) -> (artifact id: 'fac9295990d0bbc5e9fab809484bf264') in 0.0488406 seconds
Number of updated asset objects reloaded before import = 0Number of asset objects unloaded after import = 35

========================================================================
Received Import Request.
  Time since last request: 0.000033 seconds.
  path: Assets/Mech_Constructor_Humanoids/Prefabs/FX_Energy_Shield_Lvl2.prefab
  artifactKey: Guid(5ae39b28f0dc1204e9105cc4c580bbc1) Importer(815301076,1909f56bfc062723c751e8b465ee728b)
Start importing Assets/Mech_Constructor_Humanoids/Prefabs/FX_Energy_Shield_Lvl2.prefab using Guid(5ae39b28f0dc1204e9105cc4c580bbc1) Importer(815301076,1909f56bfc062723c751e8b465ee728b) (PreviewImporter) -> (artifact id: '16ec2c01e28666fbd7d6f9aab43c4667') in 0.0063994 seconds
Number of updated asset objects reloaded before import = 0Number of asset objects unloaded after import = 11

========================================================================
Received Import Request.
  Time since last request: 0.000023 seconds.
  path: Assets/Mech_Constructor_Humanoids/Prefabs/Cockpit_Seat.prefab
  artifactKey: Guid(a7e33674da378fd408d8580d50f87bb3) Importer(815301076,1909f56bfc062723c751e8b465ee728b)
Start importing Assets/Mech_Constructor_Humanoids/Prefabs/Cockpit_Seat.prefab using Guid(a7e33674da378fd408d8580d50f87bb3) Importer(815301076,1909f56bfc062723c751e8b465ee728b) (PreviewImporter) -> (artifact id: '54752f2b248a4e6ec8c299db960c7b6a') in 0.0512696 seconds
Number of updated asset objects reloaded before import = 0Number of asset objects unloaded after import = 18

========================================================================
Received Import Request.
  Time since last request: 0.000025 seconds.
  path: Assets/Mech_Constructor_Humanoids/Prefabs/HalfShoulder_Skinny.prefab
  artifactKey: Guid(132ab2b3b1db9f348823aaccf80121a6) Importer(815301076,1909f56bfc062723c751e8b465ee728b)
Start importing Assets/Mech_Constructor_Humanoids/Prefabs/HalfShoulder_Skinny.prefab using Guid(132ab2b3b1db9f348823aaccf80121a6) Importer(815301076,1909f56bfc062723c751e8b465ee728b) (PreviewImporter) -> (artifact id: '084b1d87fb9f4a04d1b7685c8ba4963c') in 0.0527565 seconds
Number of updated asset objects reloaded before import = 0Number of asset objects unloaded after import = 16

========================================================================
Received Import Request.
  Time since last request: 0.000030 seconds.
  path: Assets/Mech_Constructor_Humanoids/Prefabs/Shoulders_Hog.prefab
  artifactKey: Guid(dd3cd303d1628d44f8491b4febe8d674) Importer(815301076,1909f56bfc062723c751e8b465ee728b)
Start importing Assets/Mech_Constructor_Humanoids/Prefabs/Shoulders_Hog.prefab using Guid(dd3cd303d1628d44f8491b4febe8d674) Importer(815301076,1909f56bfc062723c751e8b465ee728b) (PreviewImporter) -> (artifact id: '28e6c973d5f080db0034a713cd254356') in 0.0544995 seconds
Number of updated asset objects reloaded before import = 0Number of asset objects unloaded after import = 24

========================================================================
Received Import Request.
  Time since last request: 0.025860 seconds.
  path: Assets/Mech_Constructor_Humanoids/Prefabs/Shoulders_Skinny_Up.prefab
  artifactKey: Guid(e2000535e19c8984a997e985f2ea8622) Importer(815301076,1909f56bfc062723c751e8b465ee728b)
Start importing Assets/Mech_Constructor_Humanoids/Prefabs/Shoulders_Skinny_Up.prefab using Guid(e2000535e19c8984a997e985f2ea8622) Importer(815301076,1909f56bfc062723c751e8b465ee728b) (PreviewImporter) -> (artifact id: '9e77c38224bc8d84afdcd567bea668f4') in 0.0494098 seconds
Number of updated asset objects reloaded before import = 0Number of asset objects unloaded after import = 20

========================================================================
Received Import Request.
  Time since last request: 0.001737 seconds.
  path: Assets/Mech_Constructor_Humanoids/Prefabs/Weapon_Energy_Shield_Lvl2.prefab
  artifactKey: Guid(5e60be7c87936d04e9180eb92e88c7e3) Importer(815301076,1909f56bfc062723c751e8b465ee728b)
Start importing Assets/Mech_Constructor_Humanoids/Prefabs/Weapon_Energy_Shield_Lvl2.prefab using Guid(5e60be7c87936d04e9180eb92e88c7e3) Importer(815301076,1909f56bfc062723c751e8b465ee728b) (PreviewImporter) -> (artifact id: '0f3597f3b6f55f45ea87238d21f7cf3b') in 0.0507211 seconds
Number of updated asset objects reloaded before import = 0Number of asset objects unloaded after import = 49

========================================================================
Received Import Request.
  Time since last request: 0.044352 seconds.
  path: Assets/Mech_Constructor_Humanoids/Prefabs/Weapon_Shield_Lvl3.prefab
  artifactKey: Guid(0bf5f67e4bbf11a43869598006ad2319) Importer(815301076,1909f56bfc062723c751e8b465ee728b)
Start importing Assets/Mech_Constructor_Humanoids/Prefabs/Weapon_Shield_Lvl3.prefab using Guid(0bf5f67e4bbf11a43869598006ad2319) Importer(815301076,1909f56bfc062723c751e8b465ee728b) (PreviewImporter) -> (artifact id: '06e3066752779a8a21890f0c10ce8af8') in 0.0503801 seconds
Number of updated asset objects reloaded before import = 0Number of asset objects unloaded after import = 37

========================================================================
Received Import Request.
  Time since last request: 0.000105 seconds.
  path: Assets/Mech_Constructor_Humanoids/Prefabs/Weapon_Shotgun_Lvl1.prefab
  artifactKey: Guid(da98385732d570a44a116998ba82c030) Importer(815301076,1909f56bfc062723c751e8b465ee728b)
Start importing Assets/Mech_Constructor_Humanoids/Prefabs/Weapon_Shotgun_Lvl1.prefab using Guid(da98385732d570a44a116998ba82c030) Importer(815301076,1909f56bfc062723c751e8b465ee728b) (PreviewImporter) -> (artifact id: 'fb6223628532c60aa314a6b0618117c3') in 0.0476744 seconds
Number of updated asset objects reloaded before import = 0Number of asset objects unloaded after import = 16

========================================================================
Received Import Request.
  Time since last request: 0.013218 seconds.
  path: Assets/Mech_Constructor_Humanoids/Prefabs/Weapon_Shotgun_Lvl5.prefab
  artifactKey: Guid(d40905b0ad35179419de7a2fb52d26a7) Importer(815301076,1909f56bfc062723c751e8b465ee728b)
Start importing Assets/Mech_Constructor_Humanoids/Prefabs/Weapon_Shotgun_Lvl5.prefab using Guid(d40905b0ad35179419de7a2fb52d26a7) Importer(815301076,1909f56bfc062723c751e8b465ee728b) (PreviewImporter) -> (artifact id: '43d457699b021e9ab4cf8e71c6501de4') in 0.0509182 seconds
Number of updated asset objects reloaded before import = 0Number of asset objects unloaded after import = 16

========================================================================
Received Prepare
Assembly reference Packages/com.unity.cinemachine/Editor/Samples/ExposeHDRPInternals/HDRP-Editor-ref.asmref has no target assembly definition
Assembly reference Packages/com.unity.cinemachine/Editor/Samples/ExposeHDRPInternals/HDRP-Editor-ref.asmref has no target assembly definition
Begin MonoManager ReloadAssembly
Duplicate assembly 'log4net.dll' with different versions detected, using 'Packages/com.unity.package-validation-suite/Lib/Editor/log4net.dll, AssemblyName=log4net, Version=2.0.8.0, Culture=neutral, PublicKeyToken=669e0ddf0bb1aa2a' and ignoring 'Packages/com.unity.collab-proxy/Lib/Editor/log4netPlastic.dll, AssemblyName=log4net, Version=1.2.15.0, Culture=neutral, PublicKeyToken=669e0ddf0bb1aa2a'.- Loaded All Assemblies, in  0.800 seconds
Assembly reference Packages/com.unity.cinemachine/Editor/Samples/ExposeHDRPInternals/HDRP-Editor-ref.asmref has no target assembly definition
'Packages/com.unity.cinemachine/Editor/Obsolete/CinemachineVirtualCameraBaseEditor.cs' contains partial class of Unity.Object, exactly 1 of the partial classes needs to be in a file with the same filename. This is to know the one that can be referenced from ie. GameObjects
'Packages/com.unity.cinemachine/Editor/Editors/CinemachineVirtualCameraBaseEditor.cs' contains partial class of Unity.Object, exactly 1 of the partial classes needs to be in a file with the same filename. This is to know the one that can be referenced from ie. GameObjects
Refreshing native plugins compatible for Editor in 1.22 ms, found 3 plugins.
Native extension for WindowsStandalone target not found
Native extension for WebGL target not found
Assembly reference Packages/com.unity.cinemachine/Editor/Samples/ExposeHDRPInternals/HDRP-Editor-ref.asmref has no target assembly definition
[MODES] ModeService[none].Initialize
[MODES] ModeService[none].LoadModes
[Package Manager] Failed to launch server process. Reason: Unity was launched with the -noUpm command-line argument
[Package Manager] Unable to send message (not connected to server process).
[Package Manager] Cannot connect to Unity Package Manager local server
Mono: successfully reloaded assembly
- Finished resetting the current domain, in  1.041 seconds
Domain Reload Profiling: 1839ms
	BeginReloadAssembly (221ms)
		ExecutionOrderSort (0ms)
		DisableScriptedObjects (21ms)
		BackupInstance (0ms)
		ReleaseScriptingObjects (0ms)
		CreateAndSetChildDomain (59ms)
	RebuildCommonClasses (35ms)
	RebuildNativeTypeToScriptingClass (13ms)
	initialDomainReloadingComplete (28ms)
	LoadAllAssembliesAndSetupDomain (500ms)
		LoadAssemblies (347ms)
		RebuildTransferFunctionScriptingTraits (0ms)
		AnalyzeDomain (251ms)
			TypeCache.Refresh (6ms)
				TypeCache.ScanAssembly (0ms)
			BuildScriptInfoCaches (228ms)
			ResolveRequiredComponents (13ms)
	FinalizeReload (1041ms)
		ReleaseScriptCaches (0ms)
		RebuildScriptCaches (0ms)
		SetupLoadedEditorAssemblies (707ms)
			LogAssemblyErrors (0ms)
			InitializePlatformSupportModulesInManaged (3ms)
			SetLoadedEditorAssemblies (5ms)
			BeforeProcessingInitializeOnLoad (81ms)
			ProcessInitializeOnLoadAttributes (540ms)
			ProcessInitializeOnLoadMethodAttributes (68ms)
			AfterProcessingInitializeOnLoad (10ms)
			EditorAssembliesLoaded (0ms)
		ExecutionOrderSort2 (0ms)
		AwakeInstancesAfterBackupRestoration (15ms)
Refreshing native plugins compatible for Editor in 1.22 ms, found 3 plugins.
Preloading 0 native plugins for Editor in 0.00 ms.
Unloading 14 Unused Serialized files (Serialized files now loaded: 0)
Unloading 6629 unused Assets / (5.1 MB). Loaded Objects now: 7479.
Memory consumption went from 190.2 MB to 185.1 MB.
Total: 10.959100 ms (FindLiveObjects: 0.785400 ms CreateObjectMapping: 1.636600 ms MarkObjects: 5.317000 ms  DeleteObjects: 3.217700 ms)

Prepare: number of updated asset objects reloaded= 0
========================================================================
Received Import Request.
  Time since last request: 614.984801 seconds.
  path: Assets/Mech_Constructor_Humanoids/Models/Mech_Walker_Arm_L_Hvy_No_Hand.fbx
  artifactKey: Guid(9c4ec42b609580345a061b5819ef3567) Importer(815301076,1909f56bfc062723c751e8b465ee728b)
Start importing Assets/Mech_Constructor_Humanoids/Models/Mech_Walker_Arm_L_Hvy_No_Hand.fbx using Guid(9c4ec42b609580345a061b5819ef3567) Importer(815301076,1909f56bfc062723c751e8b465ee728b) (PreviewImporter) -> (artifact id: 'd2c20408db76a24a5ffc9225db55e4ce') in 0.6639942 seconds
Number of updated asset objects reloaded before import = 0Number of asset objects unloaded after import = 23

========================================================================
Received Import Request.
  Time since last request: 0.000035 seconds.
  path: Assets/Mech_Constructor_Humanoids/Models/Mech_Walker_Arm_R_Med.fbx
  artifactKey: Guid(27d0bd630a232eb41978cc5a2efd3d6d) Importer(815301076,1909f56bfc062723c751e8b465ee728b)
Start importing Assets/Mech_Constructor_Humanoids/Models/Mech_Walker_Arm_R_Med.fbx using Guid(27d0bd630a232eb41978cc5a2efd3d6d) Importer(815301076,1909f56bfc062723c751e8b465ee728b) (PreviewImporter) -> (artifact id: 'c1cd7c46b5c09b663c1e47c674d3a285') in 0.0289938 seconds
Number of updated asset objects reloaded before import = 0Number of asset objects unloaded after import = 39

========================================================================
Received Import Request.
  Time since last request: 0.000030 seconds.
  path: Assets/Mech_Constructor_Humanoids/Models/Mech_Walker_.fbx
  artifactKey: Guid(36424c03a63bae444ae179a3ea208814) Importer(815301076,1909f56bfc062723c751e8b465ee728b)
Start importing Assets/Mech_Constructor_Humanoids/Models/Mech_Walker_.fbx using Guid(36424c03a63bae444ae179a3ea208814) Importer(815301076,1909f56bfc062723c751e8b465ee728b) (PreviewImporter) -> (artifact id: '5483ed2acb7b32066c0940999adb8adc') in 0.1185469 seconds
Number of updated asset objects reloaded before import = 0Number of asset objects unloaded after import = 255

========================================================================
Received Import Request.
  Time since last request: 0.000044 seconds.
  path: Assets/Mech_Constructor_Humanoids/Models/Mech_Walker_Full_Lt.fbx
  artifactKey: Guid(309c13762d01e1142b1ffb4ac11c475f) Importer(815301076,1909f56bfc062723c751e8b465ee728b)
Start importing Assets/Mech_Constructor_Humanoids/Models/Mech_Walker_Full_Lt.fbx using Guid(309c13762d01e1142b1ffb4ac11c475f) Importer(815301076,1909f56bfc062723c751e8b465ee728b) (PreviewImporter) -> (artifact id: '063db89b77fdb86b782991c8e59b6142') in 0.0193587 seconds
Number of updated asset objects reloaded before import = 0Number of asset objects unloaded after import = 106

========================================================================
Received Import Request.
  Time since last request: 0.000023 seconds.
  path: Assets/Mech_Constructor_Humanoids/Models/Mech_Walker_Full_Med_No_Skin.fbx
  artifactKey: Guid(2a30c71a8f1422a4b8bc59090bf5907a) Importer(815301076,1909f56bfc062723c751e8b465ee728b)
Start importing Assets/Mech_Constructor_Humanoids/Models/Mech_Walker_Full_Med_No_Skin.fbx using Guid(2a30c71a8f1422a4b8bc59090bf5907a) Importer(815301076,1909f56bfc062723c751e8b465ee728b) (PreviewImporter) -> (artifact id: '8c341ede156918fc2ba88189fb5f546f') in 0.114446 seconds
Number of updated asset objects reloaded before import = 0Number of asset objects unloaded after import = 257

========================================================================
Received Import Request.
  Time since last request: 0.000026 seconds.
  path: Assets/Mech_Constructor_Humanoids/Models/Mech_Walker_Arm_L_Lt.fbx
  artifactKey: Guid(d1dc053578719c4478fbe4c992c36697) Importer(815301076,1909f56bfc062723c751e8b465ee728b)
Start importing Assets/Mech_Constructor_Humanoids/Models/Mech_Walker_Arm_L_Lt.fbx using Guid(d1dc053578719c4478fbe4c992c36697) Importer(815301076,1909f56bfc062723c751e8b465ee728b) (PreviewImporter) -> (artifact id: '21924702cf6cd117b1ca2595ad06ea40') in 0.0242392 seconds
Number of updated asset objects reloaded before import = 0Number of asset objects unloaded after import = 39

========================================================================
Received Import Request.
  Time since last request: 0.000041 seconds.
  path: Assets/Mech_Constructor_Humanoids/Models/Mech_Walker_Legs_Hvy.fbx
  artifactKey: Guid(4acd2b8409a63a3479135714f6576e53) Importer(815301076,1909f56bfc062723c751e8b465ee728b)
Start importing Assets/Mech_Constructor_Humanoids/Models/Mech_Walker_Legs_Hvy.fbx using Guid(4acd2b8409a63a3479135714f6576e53) Importer(815301076,1909f56bfc062723c751e8b465ee728b) (PreviewImporter) -> (artifact id: '749e8c30bc867cebb3697037bdb94591') in 0.020097 seconds
Number of updated asset objects reloaded before import = 0Number of asset objects unloaded after import = 54

========================================================================
Received Import Request.
  Time since last request: 0.000024 seconds.
  path: Assets/Mech_Constructor_Humanoids/Models/Mech_Walker_Legs_Med.fbx
  artifactKey: Guid(07bc9636fadd06c4383300ff6d32e252) Importer(815301076,1909f56bfc062723c751e8b465ee728b)
Start importing Assets/Mech_Constructor_Humanoids/Models/Mech_Walker_Legs_Med.fbx using Guid(07bc9636fadd06c4383300ff6d32e252) Importer(815301076,1909f56bfc062723c751e8b465ee728b) (PreviewImporter) -> (artifact id: '7e5618e0dd2065b95374572adf737d73') in 0.0252227 seconds
Number of updated asset objects reloaded before import = 0Number of asset objects unloaded after import = 54

========================================================================
Received Import Request.
  Time since last request: 0.000023 seconds.
  path: Assets/Mech_Constructor_Humanoids/Models/Humanoid_Body_Lvl2.fbx
  artifactKey: Guid(51045b3c2e351204f8c14b26651dfb87) Importer(815301076,1909f56bfc062723c751e8b465ee728b)
Start importing Assets/Mech_Constructor_Humanoids/Models/Humanoid_Body_Lvl2.fbx using Guid(51045b3c2e351204f8c14b26651dfb87) Importer(815301076,1909f56bfc062723c751e8b465ee728b) (PreviewImporter) -> (artifact id: '96f0d1ecbbcd3c4718d21934519f3140') in 0.039622 seconds
Number of updated asset objects reloaded before import = 0Number of asset objects unloaded after import = 32

Editor requested this worker to shutdown with reason: Scaling down because of idle timeout
AssetImportWorker is now disconnected from the server
Process exiting
Exiting without the bug reporter. Application will terminate with return code 0